2026-04-17 05:17:55 +0000  Initial pipeline context: <IDEDistributionProcessingPipelineContext: 0x6f7dc1e00; archive(resolved)="<IDEArchive: 0x714689570>", distributionTask(resolved)="2", distributionDestination(resolved)="2", distributionMethod(resolved)="<IDEDistributionMethodiOSAppStoreDistribution: 0x6fe8bf060>", team(resolved)="<IDEProvisioningDisambiguatableBasicTeam: 0x70a8e6940; teamID='SJMRCCH98M', teamName='YOUNG WOOK KIM', teamType='Individual', username='kyw1984@hanmail.net', isFreeProvisioningTeam='0'>">
	Chain (17, self inclusive):
	<IDEDistributionProcessingPipelineContext: 0x6f7dc1e00; archive = "<IDEArchive: 0x714689570>", distributionMethod="<IDEDistributionMethodiOSAppStoreDistribution: 0x6fe8bf060>", team="<IDEProvisioningDisambiguatableBasicTeam: 0x70a8e6940; teamID='SJMRCCH98M', teamName='YOUNG WOOK KIM', teamType='Individual', username='kyw1984@hanmail.net', isFreeProvisioningTeam='0'>">
	<IDEDistributionProcessingPipelineContext: 0x6f7dc1b00; archive = "<IDEArchive: 0x714689570>", distributionMethod="<IDEDistributionMethodiOSAppStoreDistribution: 0x6fe8bf060>", team="<IDEProvisioningDisambiguatableBasicTeam: 0x70a8e6940; teamID='SJMRCCH98M', teamName='YOUNG WOOK KIM', teamType='Individual', username='kyw1984@hanmail.net', isFreeProvisioningTeam='0'>">
	<IDEDistributionContext: 0x6feadc780; archive = "<IDEArchive: 0x714689570>", distributionMethod="<IDEDistributionMethodiOSAppStoreDistribution: 0x6fe8bf060>", team="<IDEProvisioningDisambiguatableBasicTeam: 0x70a8e6940; teamID='SJMRCCH98M', teamName='YOUNG WOOK KIM', teamType='Individual', username='kyw1984@hanmail.net', isFreeProvisioningTeam='0'>">
	<IDEDistributionContext: 0x6fdf8f700; archive = "<IDEArchive: 0x714689570>", distributionMethod="<IDEDistributionMethodiOSAppStoreDistribution: 0x6fe8bf060>", team="<IDEProvisioningDisambiguatableBasicTeam: 0x70a8e6940; teamID='SJMRCCH98M', teamName='YOUNG WOOK KIM', teamType='Individual', username='kyw1984@hanmail.net', isFreeProvisioningTeam='0'>">
	<IDEDistributionContext: 0x6f94d5b80; archive = "<IDEArchive: 0x714689570>", distributionMethod="<IDEDistributionMethodiOSAppStoreDistribution: 0x6fe8bf060>", team="<IDEProvisioningDisambiguatableBasicTeam: 0x70a8e6940; teamID='SJMRCCH98M', teamName='YOUNG WOOK KIM', teamType='Individual', username='kyw1984@hanmail.net', isFreeProvisioningTeam='0'>">
	<IDEDistributionContext: 0x6f822c280; archive = "<IDEArchive: 0x714689570>", distributionMethod="<IDEDistributionMethodiOSAppStoreDistribution: 0x6fe8bf060>", team="<IDEProvisioningDisambiguatableBasicTeam: 0x70a8e6940; teamID='SJMRCCH98M', teamName='YOUNG WOOK KIM', teamType='Individual', username='kyw1984@hanmail.net', isFreeProvisioningTeam='0'>">
	<IDEDistributionContext: 0x6f822c780; archive = "<IDEArchive: 0x714689570>", distributionMethod="<IDEDistributionMethodiOSAppStoreDistribution: 0x6fe8bf060>", team="<IDEProvisioningDisambiguatableBasicTeam: 0x70a8e6940; teamID='SJMRCCH98M', teamName='YOUNG WOOK KIM', teamType='Individual', username='kyw1984@hanmail.net', isFreeProvisioningTeam='0'>">
	<IDEDistributionContext: 0x6f822e300; archive = "<IDEArchive: 0x714689570>", distributionMethod="<IDEDistributionMethodiOSAppStoreDistribution: 0x6fe8bf060>", team="<IDEProvisioningDisambiguatableBasicTeam: 0x70a8e6940; teamID='SJMRCCH98M', teamName='YOUNG WOOK KIM', teamType='Individual', username='kyw1984@hanmail.net', isFreeProvisioningTeam='0'>">
	<IDEDistributionContext: 0x6f822f480; archive = "<IDEArchive: 0x714689570>", distributionMethod="<IDEDistributionMethodiOSAppStoreDistribution: 0x6fe8bf060>", team="<IDEProvisioningDisambiguatableBasicTeam: 0x70a8e6940; teamID='SJMRCCH98M', teamName='YOUNG WOOK KIM', teamType='Individual', username='kyw1984@hanmail.net', isFreeProvisioningTeam='0'>">
	<IDEDistributionContext: 0x6f822ca00; archive = "<IDEArchive: 0x714689570>", distributionMethod="<IDEDistributionMethodiOSAppStoreDistribution: 0x6fe8bf060>", team="<IDEProvisioningDisambiguatableBasicTeam: 0x70a8e6940; teamID='SJMRCCH98M', teamName='YOUNG WOOK KIM', teamType='Individual', username='kyw1984@hanmail.net', isFreeProvisioningTeam='0'>">
	<IDEDistributionContext: 0x6f8397c00; archive = "<IDEArchive: 0x714689570>", distributionMethod="<IDEDistributionMethodiOSAppStoreDistribution: 0x6fe8bf060>", team="<IDEProvisioningDisambiguatableBasicTeam: 0x70a8e6940; teamID='SJMRCCH98M', teamName='YOUNG WOOK KIM', teamType='Individual', username='kyw1984@hanmail.net', isFreeProvisioningTeam='0'>">
	<IDEDistributionContext: 0x6f81f9b80; archive = "<IDEArchive: 0x714689570>", distributionMethod="<IDEDistributionMethodiOSAppStoreDistribution: 0x6fe8bf060>", team="<IDEProvisioningDisambiguatableBasicTeam: 0x70a8e6940; teamID='SJMRCCH98M', teamName='YOUNG WOOK KIM', teamType='Individual', username='kyw1984@hanmail.net', isFreeProvisioningTeam='0'>">
	<IDEDistributionContext: 0x6f8289b80; archive = "<IDEArchive: 0x714689570>", distributionMethod="<IDEDistributionMethodiOSAppStoreDistribution: 0x6fe8bf060>", team="(null)">
	<IDEDistributionContext: 0x6f83a8500; archive = "<IDEArchive: 0x714689570>", distributionMethod="<IDEDistributionMethodiOSAppStoreDistribution: 0x6fe8bf060>", team="(null)">
	<IDEDistributionContext: 0x6f83a8000; archive = "<IDEArchive: 0x714689570>", distributionMethod="(null)", team="(null)">
	<IDEDistributionContext: 0x6f828aa80; archive = "<IDEArchive: 0x714689570>", distributionMethod="(null)", team="(null)">
	<IDEDistributionContext: 0x6f828ad00; archive = "<IDEArchive: 0x714689570>", distributionMethod="(null)", team="(null)">
</IDEDistributionProcessingPipelineContext: 0x6f7dc1e00>
2026-04-17 05:17:55 +0000  Processing step: IDEDistributionCreateDestRootStep
2026-04-17 05:17:55 +0000  Processing step: IDEDistributionCopyItemStep
2026-04-17 05:17:55 +0000  Running /usr/bin/ditto '-V' '/Users/youngwookkim/Library/Developer/Xcode/Archives/2026-04-17/StockFolio 4-17-26, 2.14 PM.xcarchive/Products/Applications/StockFolio.app' '/var/folders/0b/x9g6w2w500j0dr_7ft4v4b000000gn/T/XcodeDistPipeline.~~~rnybaO/Root/Payload/StockFolio.app'
2026-04-17 05:17:55 +0000  >>> Copying /Users/youngwookkim/Library/Developer/Xcode/Archives/2026-04-17/StockFolio 4-17-26, 2.14 PM.xcarchive/Products/Applications/StockFolio.app 
2026-04-17 05:17:55 +0000  copying file ./_CodeSignature/CodeResources ... 
2026-04-17 05:17:55 +0000  23105 bytes for ./_CodeSignature/CodeResources
2026-04-17 05:17:55 +0000  copying file ./SplashScreen.storyboardc/EXPO-VIEWCONTROLLER-1-view-EXPO-ContainerView.nib ... 
2026-04-17 05:17:55 +0000  2196 bytes for ./SplashScreen.storyboardc/EXPO-VIEWCONTROLLER-1-view-EXPO-ContainerView.nib
2026-04-17 05:17:55 +0000  copying file ./SplashScreen.storyboardc/SplashScreenViewController.nib ... 
2026-04-17 05:17:55 +0000  1004 bytes for ./SplashScreen.storyboardc/SplashScreenViewController.nib
2026-04-17 05:17:55 +0000  copying file ./SplashScreen.storyboardc/Info.plist ... 
2026-04-17 05:17:55 +0000  225 bytes for ./SplashScreen.storyboardc/Info.plist
2026-04-17 05:17:55 +0000  copying file ./StockFolio ... 
2026-04-17 05:17:55 +0000  13736848 bytes for ./StockFolio
2026-04-17 05:17:55 +0000  copying file ./AppIcon60x60@2x.png ... 
2026-04-17 05:17:55 +0000  14413 bytes for ./AppIcon60x60@2x.png
2026-04-17 05:17:55 +0000  copying file ./ExpoConstants_privacy.bundle/PrivacyInfo.xcprivacy ... 
2026-04-17 05:17:55 +0000  607 bytes for ./ExpoConstants_privacy.bundle/PrivacyInfo.xcprivacy
2026-04-17 05:17:55 +0000  copying file ./ExpoConstants_privacy.bundle/Info.plist ... 
2026-04-17 05:17:55 +0000  792 bytes for ./ExpoConstants_privacy.bundle/Info.plist
2026-04-17 05:17:55 +0000  copying file ./UserMessagingPlatformResources.bundle/PrivacyInfo.xcprivacy ... 
2026-04-17 05:17:55 +0000  1677 bytes for ./UserMessagingPlatformResources.bundle/PrivacyInfo.xcprivacy
2026-04-17 05:17:55 +0000  copying file ./UserMessagingPlatformResources.bundle/Info.plist ... 
2026-04-17 05:17:55 +0000  808 bytes for ./UserMessagingPlatformResources.bundle/Info.plist
2026-04-17 05:17:55 +0000  copying file ./React-cxxreact_privacy.bundle/PrivacyInfo.xcprivacy ... 
2026-04-17 05:17:55 +0000  552 bytes for ./React-cxxreact_privacy.bundle/PrivacyInfo.xcprivacy
2026-04-17 05:17:55 +0000  copying file ./React-cxxreact_privacy.bundle/Info.plist ... 
2026-04-17 05:17:55 +0000  793 bytes for ./React-cxxreact_privacy.bundle/Info.plist
2026-04-17 05:17:55 +0000  copying file ./GoogleMobileAdsResources.bundle/PrivacyInfo.xcprivacy ... 
2026-04-17 05:17:55 +0000  4491 bytes for ./GoogleMobileAdsResources.bundle/PrivacyInfo.xcprivacy
2026-04-17 05:17:55 +0000  copying file ./GoogleMobileAdsResources.bundle/Info.plist ... 
2026-04-17 05:17:55 +0000  797 bytes for ./GoogleMobileAdsResources.bundle/Info.plist
2026-04-17 05:17:55 +0000  copying file ./RevenueCat.bundle/PrivacyInfo.xcprivacy ... 
2026-04-17 05:17:55 +0000  945 bytes for ./RevenueCat.bundle/PrivacyInfo.xcprivacy
2026-04-17 05:17:55 +0000  copying file ./RevenueCat.bundle/Info.plist ... 
2026-04-17 05:17:55 +0000  767 bytes for ./RevenueCat.bundle/Info.plist
2026-04-17 05:17:55 +0000  copying file ./ExpoApplication_privacy.bundle/PrivacyInfo.xcprivacy ... 
2026-04-17 05:17:55 +0000  608 bytes for ./ExpoApplication_privacy.bundle/PrivacyInfo.xcprivacy
2026-04-17 05:17:55 +0000  copying file ./ExpoApplication_privacy.bundle/Info.plist ... 
2026-04-17 05:17:55 +0000  794 bytes for ./ExpoApplication_privacy.bundle/Info.plist
2026-04-17 05:17:55 +0000  copying file ./Assets.car ... 
2026-04-17 05:17:55 +0000  3755704 bytes for ./Assets.car
2026-04-17 05:17:55 +0000  copying file ./AppIcon76x76@2x~ipad.png ... 
2026-04-17 05:17:55 +0000  23047 bytes for ./AppIcon76x76@2x~ipad.png
2026-04-17 05:17:55 +0000  copying file ./main.jsbundle ... 
2026-04-17 05:17:55 +0000  7348882 bytes for ./main.jsbundle
2026-04-17 05:17:55 +0000  copying file ./EXConstants.bundle/app.config ... 
2026-04-17 05:17:55 +0000  1092 bytes for ./EXConstants.bundle/app.config
2026-04-17 05:17:55 +0000  copying file ./EXConstants.bundle/Info.plist ... 
2026-04-17 05:17:55 +0000  770 bytes for ./EXConstants.bundle/Info.plist
2026-04-17 05:17:55 +0000  copying file ./PrivacyInfo.xcprivacy ... 
2026-04-17 05:17:55 +0000  1283 bytes for ./PrivacyInfo.xcprivacy
2026-04-17 05:17:55 +0000  copying file ./ExpoNotifications_privacy.bundle/PrivacyInfo.xcprivacy ... 
2026-04-17 05:17:55 +0000  607 bytes for ./ExpoNotifications_privacy.bundle/PrivacyInfo.xcprivacy
2026-04-17 05:17:55 +0000  copying file ./ExpoNotifications_privacy.bundle/Info.plist ... 
2026-04-17 05:17:55 +0000  800 bytes for ./ExpoNotifications_privacy.bundle/Info.plist
2026-04-17 05:17:55 +0000  copying file ./RNSVGFilters.bundle/RNSVGArithmeticFilter.iphoneos.metallib ... 
2026-04-17 05:17:55 +0000  3993 bytes for ./RNSVGFilters.bundle/RNSVGArithmeticFilter.iphoneos.metallib
2026-04-17 05:17:55 +0000  copying file ./RNSVGFilters.bundle/RNSVGCompositeXor.iphoneos.metallib ... 
2026-04-17 05:17:55 +0000  3509 bytes for ./RNSVGFilters.bundle/RNSVGCompositeXor.iphoneos.metallib
2026-04-17 05:17:55 +0000  copying file ./RNSVGFilters.bundle/Info.plist ... 
2026-04-17 05:17:55 +0000  772 bytes for ./RNSVGFilters.bundle/Info.plist
2026-04-17 05:17:55 +0000  copying file ./ExpoFileSystem_privacy.bundle/PrivacyInfo.xcprivacy ... 
2026-04-17 05:17:55 +0000  877 bytes for ./ExpoFileSystem_privacy.bundle/PrivacyInfo.xcprivacy
2026-04-17 05:17:55 +0000  copying file ./ExpoFileSystem_privacy.bundle/Info.plist ... 
2026-04-17 05:17:55 +0000  794 bytes for ./ExpoFileSystem_privacy.bundle/Info.plist
2026-04-17 05:17:55 +0000  copying file ./PurchasesHybridCommon.bundle/PrivacyInfo.xcprivacy ... 
2026-04-17 05:17:55 +0000  551 bytes for ./PurchasesHybridCommon.bundle/PrivacyInfo.xcprivacy
2026-04-17 05:17:55 +0000  copying file ./PurchasesHybridCommon.bundle/Info.plist ... 
2026-04-17 05:17:55 +0000  792 bytes for ./PurchasesHybridCommon.bundle/Info.plist
2026-04-17 05:17:55 +0000  copying file ./Frameworks/React.framework/_CodeSignature/CodeResources ... 
2026-04-17 05:17:55 +0000  1798 bytes for ./Frameworks/React.framework/_CodeSignature/CodeResources
2026-04-17 05:17:55 +0000  copying file ./Frameworks/React.framework/React ... 
2026-04-17 05:17:55 +0000  11306560 bytes for ./Frameworks/React.framework/React
2026-04-17 05:17:55 +0000  copying file ./Frameworks/React.framework/Info.plist ... 
2026-04-17 05:17:55 +0000  749 bytes for ./Frameworks/React.framework/Info.plist
2026-04-17 05:17:55 +0000  copying file ./Frameworks/ReactNativeDependencies.framework/_CodeSignature/CodeResources ... 
2026-04-17 05:17:55 +0000  3548 bytes for ./Frameworks/ReactNativeDependencies.framework/_CodeSignature/CodeResources
2026-04-17 05:17:55 +0000  copying file ./Frameworks/ReactNativeDependencies.framework/ReactNativeDependencies_folly.bundle/PrivacyInfo.xcprivacy ... 
2026-04-17 05:17:55 +0000  552 bytes for ./Frameworks/ReactNativeDependencies.framework/ReactNativeDependencies_folly.bundle/PrivacyInfo.xcprivacy
2026-04-17 05:17:55 +0000  copying file ./Frameworks/ReactNativeDependencies.framework/ReactNativeDependencies_folly.bundle/Info.plist ... 
2026-04-17 05:17:55 +0000  690 bytes for ./Frameworks/ReactNativeDependencies.framework/ReactNativeDependencies_folly.bundle/Info.plist
2026-04-17 05:17:55 +0000  copying file ./Frameworks/ReactNativeDependencies.framework/ReactNativeDependencies ... 
2026-04-17 05:17:55 +0000  1279888 bytes for ./Frameworks/ReactNativeDependencies.framework/ReactNativeDependencies
2026-04-17 05:17:55 +0000  copying file ./Frameworks/ReactNativeDependencies.framework/ReactNativeDependencies_glog.bundle/PrivacyInfo.xcprivacy ... 
2026-04-17 05:17:55 +0000  552 bytes for ./Frameworks/ReactNativeDependencies.framework/ReactNativeDependencies_glog.bundle/PrivacyInfo.xcprivacy
2026-04-17 05:17:55 +0000  copying file ./Frameworks/ReactNativeDependencies.framework/ReactNativeDependencies_glog.bundle/Info.plist ... 
2026-04-17 05:17:55 +0000  688 bytes for ./Frameworks/ReactNativeDependencies.framework/ReactNativeDependencies_glog.bundle/Info.plist
2026-04-17 05:17:55 +0000  copying file ./Frameworks/ReactNativeDependencies.framework/ReactNativeDependencies_boost.bundle/PrivacyInfo.xcprivacy ... 
2026-04-17 05:17:55 +0000  776 bytes for ./Frameworks/ReactNativeDependencies.framework/ReactNativeDependencies_boost.bundle/PrivacyInfo.xcprivacy
2026-04-17 05:17:55 +0000  copying file ./Frameworks/ReactNativeDependencies.framework/ReactNativeDependencies_boost.bundle/Info.plist ... 
2026-04-17 05:17:55 +0000  690 bytes for ./Frameworks/ReactNativeDependencies.framework/ReactNativeDependencies_boost.bundle/Info.plist
2026-04-17 05:17:55 +0000  copying file ./Frameworks/ReactNativeDependencies.framework/Info.plist ... 
2026-04-17 05:17:55 +0000  782 bytes for ./Frameworks/ReactNativeDependencies.framework/Info.plist
2026-04-17 05:17:55 +0000  copying file ./Frameworks/hermes.framework/_CodeSignature/CodeResources ... 
2026-04-17 05:17:55 +0000  1798 bytes for ./Frameworks/hermes.framework/_CodeSignature/CodeResources
2026-04-17 05:17:55 +0000  copying file ./Frameworks/hermes.framework/hermes ... 
2026-04-17 05:17:55 +0000  4728064 bytes for ./Frameworks/hermes.framework/hermes
2026-04-17 05:17:55 +0000  copying file ./Frameworks/hermes.framework/Info.plist ... 
2026-04-17 05:17:55 +0000  859 bytes for ./Frameworks/hermes.framework/Info.plist
2026-04-17 05:17:55 +0000  copying file ./embedded.mobileprovision ... 
2026-04-17 05:17:55 +0000  12135 bytes for ./embedded.mobileprovision
2026-04-17 05:17:55 +0000  copying file ./assets/node_modules/@react-navigation/elements/lib/module/assets/back-icon@3x.png ... 
2026-04-17 05:17:55 +0000  761 bytes for ./assets/node_modules/@react-navigation/elements/lib/module/assets/back-icon@3x.png
2026-04-17 05:17:55 +0000  copying file ./assets/node_modules/@react-navigation/elements/lib/module/assets/back-icon@2x.png ... 
2026-04-17 05:17:55 +0000  405 bytes for ./assets/node_modules/@react-navigation/elements/lib/module/assets/back-icon@2x.png
2026-04-17 05:17:55 +0000  copying file ./assets/node_modules/@react-navigation/elements/lib/module/assets/search-icon@2x.png ... 
2026-04-17 05:17:55 +0000  589 bytes for ./assets/node_modules/@react-navigation/elements/lib/module/assets/search-icon@2x.png
2026-04-17 05:17:55 +0000  copying file ./assets/node_modules/@react-navigation/elements/lib/module/assets/clear-icon@3x.png ... 
2026-04-17 05:17:55 +0000  502 bytes for ./assets/node_modules/@react-navigation/elements/lib/module/assets/clear-icon@3x.png
2026-04-17 05:17:55 +0000  copying file ./assets/node_modules/@react-navigation/elements/lib/module/assets/back-icon.png ... 
2026-04-17 05:17:55 +0000  290 bytes for ./assets/node_modules/@react-navigation/elements/lib/module/assets/back-icon.png
2026-04-17 05:17:55 +0000  copying file ./assets/node_modules/@react-navigation/elements/lib/module/assets/clear-icon@2x.png ... 
2026-04-17 05:17:55 +0000  334 bytes for ./assets/node_modules/@react-navigation/elements/lib/module/assets/clear-icon@2x.png
2026-04-17 05:17:55 +0000  copying file ./assets/node_modules/@react-navigation/elements/lib/module/assets/search-icon@3x.png ... 
2026-04-17 05:17:55 +0000  839 bytes for ./assets/node_modules/@react-navigation/elements/lib/module/assets/search-icon@3x.png
2026-04-17 05:17:55 +0000  copying file ./assets/node_modules/@react-navigation/elements/lib/module/assets/close-icon.png ... 
2026-04-17 05:17:55 +0000  141 bytes for ./assets/node_modules/@react-navigation/elements/lib/module/assets/close-icon.png
2026-04-17 05:17:55 +0000  copying file ./assets/node_modules/@react-navigation/elements/lib/module/assets/back-icon-mask.png ... 
2026-04-17 05:17:55 +0000  653 bytes for ./assets/node_modules/@react-navigation/elements/lib/module/assets/back-icon-mask.png
2026-04-17 05:17:55 +0000  copying file ./assets/node_modules/@react-navigation/elements/lib/module/assets/close-icon@2x.png ... 
2026-04-17 05:17:55 +0000  201 bytes for ./assets/node_modules/@react-navigation/elements/lib/module/assets/close-icon@2x.png
2026-04-17 05:17:55 +0000  copying file ./assets/node_modules/@react-navigation/elements/lib/module/assets/close-icon@3x.png ... 
2026-04-17 05:17:55 +0000  266 bytes for ./assets/node_modules/@react-navigation/elements/lib/module/assets/close-icon@3x.png
2026-04-17 05:17:55 +0000  copying file ./assets/node_modules/@react-navigation/elements/lib/module/assets/clear-icon.png ... 
2026-04-17 05:17:55 +0000  220 bytes for ./assets/node_modules/@react-navigation/elements/lib/module/assets/clear-icon.png
2026-04-17 05:17:55 +0000  copying file ./assets/node_modules/@react-navigation/elements/lib/module/assets/search-icon.png ... 
2026-04-17 05:17:55 +0000  317 bytes for ./assets/node_modules/@react-navigation/elements/lib/module/assets/search-icon.png
2026-04-17 05:17:55 +0000  copying file ./assets/node_modules/expo-router/assets/pkg.png ... 
2026-04-17 05:17:55 +0000  364 bytes for ./assets/node_modules/expo-router/assets/pkg.png
2026-04-17 05:17:55 +0000  copying file ./assets/node_modules/expo-router/assets/unmatched.png ... 
2026-04-17 05:17:55 +0000  4752 bytes for ./assets/node_modules/expo-router/assets/unmatched.png
2026-04-17 05:17:55 +0000  copying file ./assets/node_modules/expo-router/assets/file.png ... 
2026-04-17 05:17:55 +0000  138 bytes for ./assets/node_modules/expo-router/assets/file.png
2026-04-17 05:17:55 +0000  copying file ./assets/node_modules/expo-router/assets/forward.png ... 
2026-04-17 05:17:55 +0000  188 bytes for ./assets/node_modules/expo-router/assets/forward.png
2026-04-17 05:17:55 +0000  copying file ./assets/node_modules/expo-router/assets/error.png ... 
2026-04-17 05:17:55 +0000  469 bytes for ./assets/node_modules/expo-router/assets/error.png
2026-04-17 05:17:55 +0000  copying file ./assets/node_modules/expo-router/assets/sitemap.png ... 
2026-04-17 05:17:55 +0000  465 bytes for ./assets/node_modules/expo-router/assets/sitemap.png
2026-04-17 05:17:55 +0000  copying file ./assets/node_modules/expo-router/assets/arrow_down.png ... 
2026-04-17 05:17:55 +0000  9456 bytes for ./assets/node_modules/expo-router/assets/arrow_down.png
2026-04-17 05:17:55 +0000  copying file ./Info.plist ... 
2026-04-17 05:17:55 +0000  1962 bytes for ./Info.plist
2026-04-17 05:17:55 +0000  copying file ./Expo.plist ... 
2026-04-17 05:17:55 +0000  132 bytes for ./Expo.plist
2026-04-17 05:17:55 +0000  copying file ./RNCAsyncStorage_resources.bundle/PrivacyInfo.xcprivacy ... 
2026-04-17 05:17:55 +0000  512 bytes for ./RNCAsyncStorage_resources.bundle/PrivacyInfo.xcprivacy
2026-04-17 05:17:55 +0000  copying file ./RNCAsyncStorage_resources.bundle/Info.plist ... 
2026-04-17 05:17:55 +0000  798 bytes for ./RNCAsyncStorage_resources.bundle/Info.plist
2026-04-17 05:17:55 +0000  copying file ./PkgInfo ... 
2026-04-17 05:17:55 +0000  8 bytes for ./PkgInfo
2026-04-17 05:17:55 +0000  copying file ./React-Core_privacy.bundle/PrivacyInfo.xcprivacy ... 
2026-04-17 05:17:55 +0000  768 bytes for ./React-Core_privacy.bundle/PrivacyInfo.xcprivacy
2026-04-17 05:17:55 +0000  copying file ./React-Core_privacy.bundle/Info.plist ... 
2026-04-17 05:17:55 +0000  785 bytes for ./React-Core_privacy.bundle/Info.plist
2026-04-17 05:17:55 +0000  /usr/bin/ditto exited with 0
2026-04-17 05:17:55 +0000  Processing step: IDEDistributionEmbedProfileStep
2026-04-17 05:17:55 +0000  Skipping profile for item: <IDEDistributionItem: 0x71d10d440; bundleID='react-native.React', path='<DVTFilePath:0x71cdf6b80:'/Users/youngwookkim/Library/Developer/Xcode/Archives/2026-04-17/StockFolio 4-17-26, 2.14 PM.xcarchive/Products/Applications/StockFolio.app/Frameworks/React.framework'>', codeSigningInfo='<_DVTCodeSigningInformation_Path: 0x71d10d3e0; isSigned='1', isAdHocSigned='0', signingCertificate='<DVTSigningCertificate: 0x71ce2bb40; name='Apple Distribution: YOUNG WOOK KIM (SJMRCCH98M)', hash='D08691990AB4FDDB716D168BF7A864D3741B478F', serialNumber='5BD00461689EDDCBFAA8646073D1307C', certificateKinds='(
    "1.2.840.113635.100.6.1.7",
    "1.2.840.113635.100.6.1.4"
), issueDate='2026-04-13 15:49:48 +0000''>', entitlements='(null)', teamID='SJMRCCH98M', identifier='react-native.React', executablePath='<DVTFilePath:0x71cdf6e80:'/Users/youngwookkim/Library/Developer/Xcode/Archives/2026-04-17/StockFolio 4-17-26, 2.14 PM.xcarchive/Products/Applications/StockFolio.app/Frameworks/React.framework/React'>', hardenedRuntime='0'>'>
2026-04-17 05:17:55 +0000  Skipping profile for item: <IDEDistributionItem: 0x71d10d560; bundleID='third-party.ReactNativeDependencies', path='<DVTFilePath:0x6f869c200:'/Users/youngwookkim/Library/Developer/Xcode/Archives/2026-04-17/StockFolio 4-17-26, 2.14 PM.xcarchive/Products/Applications/StockFolio.app/Frameworks/ReactNativeDependencies.framework'>', codeSigningInfo='<_DVTCodeSigningInformation_Path: 0x71d10dfe0; isSigned='1', isAdHocSigned='0', signingCertificate='<DVTSigningCertificate: 0x71ce2bb40; name='Apple Distribution: YOUNG WOOK KIM (SJMRCCH98M)', hash='D08691990AB4FDDB716D168BF7A864D3741B478F', serialNumber='5BD00461689EDDCBFAA8646073D1307C', certificateKinds='(
    "1.2.840.113635.100.6.1.7",
    "1.2.840.113635.100.6.1.4"
), issueDate='2026-04-13 15:49:48 +0000''>', entitlements='(null)', teamID='SJMRCCH98M', identifier='third-party.ReactNativeDependencies', executablePath='<DVTFilePath:0x71468be90:'/Users/youngwookkim/Library/Developer/Xcode/Archives/2026-04-17/StockFolio 4-17-26, 2.14 PM.xcarchive/Products/Applications/StockFolio.app/Frameworks/ReactNativeDependencies.framework/ReactNativeDependencies'>', hardenedRuntime='0'>'>
2026-04-17 05:17:55 +0000  Skipping profile for item: <IDEDistributionItem: 0x71d10d380; bundleID='dev.hermesengine.iphoneos', path='<DVTFilePath:0x71468bc60:'/Users/youngwookkim/Library/Developer/Xcode/Archives/2026-04-17/StockFolio 4-17-26, 2.14 PM.xcarchive/Products/Applications/StockFolio.app/Frameworks/hermes.framework'>', codeSigningInfo='<_DVTCodeSigningInformation_Path: 0x71d10d5c0; isSigned='1', isAdHocSigned='0', signingCertificate='<DVTSigningCertificate: 0x71ce2bb40; name='Apple Distribution: YOUNG WOOK KIM (SJMRCCH98M)', hash='D08691990AB4FDDB716D168BF7A864D3741B478F', serialNumber='5BD00461689EDDCBFAA8646073D1307C', certificateKinds='(
    "1.2.840.113635.100.6.1.7",
    "1.2.840.113635.100.6.1.4"
), issueDate='2026-04-13 15:49:48 +0000''>', entitlements='(null)', teamID='SJMRCCH98M', identifier='dev.hermesengine.iphoneos', executablePath='<DVTFilePath:0x71cdf69a0:'/Users/youngwookkim/Library/Developer/Xcode/Archives/2026-04-17/StockFolio 4-17-26, 2.14 PM.xcarchive/Products/Applications/StockFolio.app/Frameworks/hermes.framework/hermes'>', hardenedRuntime='0'>'>
2026-04-17 05:17:55 +0000  Processing step: IDEDistributionInfoPlistStep
2026-04-17 05:17:55 +0000  Skipping Info.plist step because item: <IDEDistributionItem: 0x71d10d440; bundleID='react-native.React', path='<DVTFilePath:0x71cdf6b80:'/Users/youngwookkim/Library/Developer/Xcode/Archives/2026-04-17/StockFolio 4-17-26, 2.14 PM.xcarchive/Products/Applications/StockFolio.app/Frameworks/React.framework'>', codeSigningInfo='<_DVTCodeSigningInformation_Path: 0x71d10d3e0; isSigned='1', isAdHocSigned='0', signingCertificate='<DVTSigningCertificate: 0x71ce2bb40; name='Apple Distribution: YOUNG WOOK KIM (SJMRCCH98M)', hash='D08691990AB4FDDB716D168BF7A864D3741B478F', serialNumber='5BD00461689EDDCBFAA8646073D1307C', certificateKinds='(
    "1.2.840.113635.100.6.1.7",
    "1.2.840.113635.100.6.1.4"
), issueDate='2026-04-13 15:49:48 +0000''>', entitlements='(null)', teamID='SJMRCCH98M', identifier='react-native.React', executablePath='<DVTFilePath:0x71cdf6e80:'/Users/youngwookkim/Library/Developer/Xcode/Archives/2026-04-17/StockFolio 4-17-26, 2.14 PM.xcarchive/Products/Applications/StockFolio.app/Frameworks/React.framework/React'>', hardenedRuntime='0'>'> is a framework or embedded in a framework.
2026-04-17 05:17:55 +0000  Skipping Info.plist step because item: <IDEDistributionItem: 0x71d10d560; bundleID='third-party.ReactNativeDependencies', path='<DVTFilePath:0x6f869c200:'/Users/youngwookkim/Library/Developer/Xcode/Archives/2026-04-17/StockFolio 4-17-26, 2.14 PM.xcarchive/Products/Applications/StockFolio.app/Frameworks/ReactNativeDependencies.framework'>', codeSigningInfo='<_DVTCodeSigningInformation_Path: 0x71d10dfe0; isSigned='1', isAdHocSigned='0', signingCertificate='<DVTSigningCertificate: 0x71ce2bb40; name='Apple Distribution: YOUNG WOOK KIM (SJMRCCH98M)', hash='D08691990AB4FDDB716D168BF7A864D3741B478F', serialNumber='5BD00461689EDDCBFAA8646073D1307C', certificateKinds='(
    "1.2.840.113635.100.6.1.7",
    "1.2.840.113635.100.6.1.4"
), issueDate='2026-04-13 15:49:48 +0000''>', entitlements='(null)', teamID='SJMRCCH98M', identifier='third-party.ReactNativeDependencies', executablePath='<DVTFilePath:0x71468be90:'/Users/youngwookkim/Library/Developer/Xcode/Archives/2026-04-17/StockFolio 4-17-26, 2.14 PM.xcarchive/Products/Applications/StockFolio.app/Frameworks/ReactNativeDependencies.framework/ReactNativeDependencies'>', hardenedRuntime='0'>'> is a framework or embedded in a framework.
2026-04-17 05:17:55 +0000  Skipping Info.plist step because item: <IDEDistributionItem: 0x71d10d380; bundleID='dev.hermesengine.iphoneos', path='<DVTFilePath:0x71468bc60:'/Users/youngwookkim/Library/Developer/Xcode/Archives/2026-04-17/StockFolio 4-17-26, 2.14 PM.xcarchive/Products/Applications/StockFolio.app/Frameworks/hermes.framework'>', codeSigningInfo='<_DVTCodeSigningInformation_Path: 0x71d10d5c0; isSigned='1', isAdHocSigned='0', signingCertificate='<DVTSigningCertificate: 0x71ce2bb40; name='Apple Distribution: YOUNG WOOK KIM (SJMRCCH98M)', hash='D08691990AB4FDDB716D168BF7A864D3741B478F', serialNumber='5BD00461689EDDCBFAA8646073D1307C', certificateKinds='(
    "1.2.840.113635.100.6.1.7",
    "1.2.840.113635.100.6.1.4"
), issueDate='2026-04-13 15:49:48 +0000''>', entitlements='(null)', teamID='SJMRCCH98M', identifier='dev.hermesengine.iphoneos', executablePath='<DVTFilePath:0x71cdf69a0:'/Users/youngwookkim/Library/Developer/Xcode/Archives/2026-04-17/StockFolio 4-17-26, 2.14 PM.xcarchive/Products/Applications/StockFolio.app/Frameworks/hermes.framework/hermes'>', hardenedRuntime='0'>'> is a framework or embedded in a framework.
2026-04-17 05:17:55 +0000  Skipping setting DTXcodeBuildDistribution because toolsBuildVersionName was nil.
2026-04-17 05:17:55 +0000  Processing step: IDEDistributionItemRemovalStep
2026-04-17 05:17:55 +0000  Processing step: IDEDistributionAppThinningPlistStep
2026-04-17 05:17:55 +0000  Skipping step: IDEDistributionAppThinningPlistStep because it said so
2026-04-17 05:17:55 +0000  Processing step: IDEDistributionSymbolsStep
2026-04-17 05:17:55 +0000  Writing /var/folders/0b/x9g6w2w500j0dr_7ft4v4b000000gn/T/XcodeDistPipeline.~~~rnybaO/Symbols/36E5DD6E-511D-30DD-AD3E-7BA4B675AEDD.symbols
2026-04-17 05:17:55 +0000  Upload Symbols Failed
2026-04-17 05:17:55 +0000  Upload Symbols Failed
2026-04-17 05:17:55 +0000  Upload Symbols Failed
2026-04-17 05:17:55 +0000  Processing step: IDEDistributionCopyAppleProvidedContentStep
2026-04-17 05:17:55 +0000  Processing step: IDEDistributionAppThinningStep
2026-04-17 05:17:55 +0000  Skipping step: IDEDistributionAppThinningStep because it said so
2026-04-17 05:17:55 +0000  Processing step: IDEDistributionArchThinningStep
2026-04-17 05:17:55 +0000  Archs to thin for item /Users/youngwookkim/Library/Developer/Xcode/Archives/2026-04-17/StockFolio 4-17-26, 2.14 PM.xcarchive/Products/Applications/StockFolio.app/Frameworks/React.framework are []
2026-04-17 05:17:55 +0000  Archs to thin for item /Users/youngwookkim/Library/Developer/Xcode/Archives/2026-04-17/StockFolio 4-17-26, 2.14 PM.xcarchive/Products/Applications/StockFolio.app/Frameworks/ReactNativeDependencies.framework are []
2026-04-17 05:17:55 +0000  Archs to thin for item /Users/youngwookkim/Library/Developer/Xcode/Archives/2026-04-17/StockFolio 4-17-26, 2.14 PM.xcarchive/Products/Applications/StockFolio.app/Frameworks/hermes.framework are []
2026-04-17 05:17:55 +0000  Archs to thin for item /Users/youngwookkim/Library/Developer/Xcode/Archives/2026-04-17/StockFolio 4-17-26, 2.14 PM.xcarchive/Products/Applications/StockFolio.app are []
2026-04-17 05:17:55 +0000  Processing step: IDEDistributionODRStep
2026-04-17 05:17:55 +0000  Processing step: IDEDistributionStripXattrsStep
2026-04-17 05:17:55 +0000  Skipping stripping extended attributes because the codesign step will strip them.
2026-04-17 05:17:55 +0000  Skipping stripping extended attributes because the codesign step will strip them.
2026-04-17 05:17:55 +0000  Skipping stripping extended attributes because the codesign step will strip them.
2026-04-17 05:17:55 +0000  Skipping stripping extended attributes because the codesign step will strip them.
2026-04-17 05:17:55 +0000  Processing step: IDEDistributionCodesignStep
2026-04-17 05:17:55 +0000  Entitlements for <IDEDistributionItem: 0x71d10d440; bundleID='react-native.React', path='<DVTFilePath:0x71cdf6b80:'/Users/youngwookkim/Library/Developer/Xcode/Archives/2026-04-17/StockFolio 4-17-26, 2.14 PM.xcarchive/Products/Applications/StockFolio.app/Frameworks/React.framework'>', codeSigningInfo='<_DVTCodeSigningInformation_Path: 0x71d10d3e0; isSigned='1', isAdHocSigned='0', signingCertificate='<DVTSigningCertificate: 0x71ce2bb40; name='Apple Distribution: YOUNG WOOK KIM (SJMRCCH98M)', hash='D08691990AB4FDDB716D168BF7A864D3741B478F', serialNumber='5BD00461689EDDCBFAA8646073D1307C', certificateKinds='(
    "1.2.840.113635.100.6.1.7",
    "1.2.840.113635.100.6.1.4"
), issueDate='2026-04-13 15:49:48 +0000''>', entitlements='(null)', teamID='SJMRCCH98M', identifier='react-native.React', executablePath='<DVTFilePath:0x71cdf6e80:'/Users/youngwookkim/Library/Developer/Xcode/Archives/2026-04-17/StockFolio 4-17-26, 2.14 PM.xcarchive/Products/Applications/StockFolio.app/Frameworks/React.framework/React'>', hardenedRuntime='0'>'>: {
}
2026-04-17 05:17:55 +0000  Associated App Clip Identifiers Filter: Skipping because "com.apple.developer.associated-appclip-app-identifiers" is not present
2026-04-17 05:17:55 +0000  Entitlements for <IDEDistributionItem: 0x71d10d440; bundleID='react-native.React', path='<DVTFilePath:0x71cdf6b80:'/Users/youngwookkim/Library/Developer/Xcode/Archives/2026-04-17/StockFolio 4-17-26, 2.14 PM.xcarchive/Products/Applications/StockFolio.app/Frameworks/React.framework'>', codeSigningInfo='<_DVTCodeSigningInformation_Path: 0x71d10d3e0; isSigned='1', isAdHocSigned='0', signingCertificate='<DVTSigningCertificate: 0x71ce29e00; name='Apple Distribution: YOUNG WOOK KIM (SJMRCCH98M)', hash='D08691990AB4FDDB716D168BF7A864D3741B478F', serialNumber='5BD00461689EDDCBFAA8646073D1307C', certificateKinds='(
    "1.2.840.113635.100.6.1.7",
    "1.2.840.113635.100.6.1.4"
), issueDate='2026-04-13 15:49:48 +0000''>', entitlements='(null)', teamID='SJMRCCH98M', identifier='react-native.React', executablePath='<DVTFilePath:0x71cdf6e80:'/Users/youngwookkim/Library/Developer/Xcode/Archives/2026-04-17/StockFolio 4-17-26, 2.14 PM.xcarchive/Products/Applications/StockFolio.app/Frameworks/React.framework/React'>', hardenedRuntime='0'>'> are: {
}
2026-04-17 05:17:55 +0000  Writing entitlements for <IDEDistributionItem: 0x71d10d440; bundleID='react-native.React', path='<DVTFilePath:0x71cdf6b80:'/Users/youngwookkim/Library/Developer/Xcode/Archives/2026-04-17/StockFolio 4-17-26, 2.14 PM.xcarchive/Products/Applications/StockFolio.app/Frameworks/React.framework'>', codeSigningInfo='<_DVTCodeSigningInformation_Path: 0x71d10d3e0; isSigned='1', isAdHocSigned='0', signingCertificate='<DVTSigningCertificate: 0x71ce29e00; name='Apple Distribution: YOUNG WOOK KIM (SJMRCCH98M)', hash='D08691990AB4FDDB716D168BF7A864D3741B478F', serialNumber='5BD00461689EDDCBFAA8646073D1307C', certificateKinds='(
    "1.2.840.113635.100.6.1.7",
    "1.2.840.113635.100.6.1.4"
), issueDate='2026-04-13 15:49:48 +0000''>', entitlements='(null)', teamID='SJMRCCH98M', identifier='react-native.React', executablePath='<DVTFilePath:0x71cdf6e80:'/Users/youngwookkim/Library/Developer/Xcode/Archives/2026-04-17/StockFolio 4-17-26, 2.14 PM.xcarchive/Products/Applications/StockFolio.app/Frameworks/React.framework/React'>', hardenedRuntime='0'>'> to: /var/folders/0b/x9g6w2w500j0dr_7ft4v4b000000gn/T/XcodeDistPipeline.~~~rnybaO/entitlements~~~6oAI4G
2026-04-17 05:17:55 +0000  invoking codesign: <NSConcreteTask: 0x6f7e4f6b0; launchPath='/usr/bin/codesign', arguments='(
    "-f",
    "-s",
    D08691990AB4FDDB716D168BF7A864D3741B478F,
    "--entitlements",
    "/var/folders/0b/x9g6w2w500j0dr_7ft4v4b000000gn/T/XcodeDistPipeline.~~~rnybaO/entitlements~~~6oAI4G",
    "--preserve-metadata=identifier,flags,runtime,launch-constraints,library-constraints",
    "--generate-entitlement-der",
    "--strip-disallowed-xattrs",
    "-vvv",
    "/var/folders/0b/x9g6w2w500j0dr_7ft4v4b000000gn/T/XcodeDistPipeline.~~~rnybaO/Root/Payload/StockFolio.app/Frameworks/React.framework"
)'>
2026-04-17 05:17:55 +0000  codesign output: /var/folders/0b/x9g6w2w500j0dr_7ft4v4b000000gn/T/XcodeDistPipeline.~~~rnybaO/Root/Payload/StockFolio.app/Frameworks/React.framework: replacing existing signature
/var/folders/0b/x9g6w2w500j0dr_7ft4v4b000000gn/T/XcodeDistPipeline.~~~rnybaO/Root/Payload/StockFolio.app/Frameworks/React.framework: signed bundle with Mach-O thin (arm64) [react-native.React]
2026-04-17 05:17:55 +0000  Entitlements for <IDEDistributionItem: 0x71d10d560; bundleID='third-party.ReactNativeDependencies', path='<DVTFilePath:0x6f869c200:'/Users/youngwookkim/Library/Developer/Xcode/Archives/2026-04-17/StockFolio 4-17-26, 2.14 PM.xcarchive/Products/Applications/StockFolio.app/Frameworks/ReactNativeDependencies.framework'>', codeSigningInfo='<_DVTCodeSigningInformation_Path: 0x71d10dfe0; isSigned='1', isAdHocSigned='0', signingCertificate='<DVTSigningCertificate: 0x71ce2bb40; name='Apple Distribution: YOUNG WOOK KIM (SJMRCCH98M)', hash='D08691990AB4FDDB716D168BF7A864D3741B478F', serialNumber='5BD00461689EDDCBFAA8646073D1307C', certificateKinds='(
    "1.2.840.113635.100.6.1.7",
    "1.2.840.113635.100.6.1.4"
), issueDate='2026-04-13 15:49:48 +0000''>', entitlements='(null)', teamID='SJMRCCH98M', identifier='third-party.ReactNativeDependencies', executablePath='<DVTFilePath:0x71468be90:'/Users/youngwookkim/Library/Developer/Xcode/Archives/2026-04-17/StockFolio 4-17-26, 2.14 PM.xcarchive/Products/Applications/StockFolio.app/Frameworks/ReactNativeDependencies.framework/ReactNativeDependencies'>', hardenedRuntime='0'>'>: {
}
2026-04-17 05:17:55 +0000  Associated App Clip Identifiers Filter: Skipping because "com.apple.developer.associated-appclip-app-identifiers" is not present
2026-04-17 05:17:55 +0000  Entitlements for <IDEDistributionItem: 0x71d10d560; bundleID='third-party.ReactNativeDependencies', path='<DVTFilePath:0x6f869c200:'/Users/youngwookkim/Library/Developer/Xcode/Archives/2026-04-17/StockFolio 4-17-26, 2.14 PM.xcarchive/Products/Applications/StockFolio.app/Frameworks/ReactNativeDependencies.framework'>', codeSigningInfo='<_DVTCodeSigningInformation_Path: 0x71d10dfe0; isSigned='1', isAdHocSigned='0', signingCertificate='<DVTSigningCertificate: 0x71ce29e00; name='Apple Distribution: YOUNG WOOK KIM (SJMRCCH98M)', hash='D08691990AB4FDDB716D168BF7A864D3741B478F', serialNumber='5BD00461689EDDCBFAA8646073D1307C', certificateKinds='(
    "1.2.840.113635.100.6.1.7",
    "1.2.840.113635.100.6.1.4"
), issueDate='2026-04-13 15:49:48 +0000''>', entitlements='(null)', teamID='SJMRCCH98M', identifier='third-party.ReactNativeDependencies', executablePath='<DVTFilePath:0x71468be90:'/Users/youngwookkim/Library/Developer/Xcode/Archives/2026-04-17/StockFolio 4-17-26, 2.14 PM.xcarchive/Products/Applications/StockFolio.app/Frameworks/ReactNativeDependencies.framework/ReactNativeDependencies'>', hardenedRuntime='0'>'> are: {
}
2026-04-17 05:17:55 +0000  Writing entitlements for <IDEDistributionItem: 0x71d10d560; bundleID='third-party.ReactNativeDependencies', path='<DVTFilePath:0x6f869c200:'/Users/youngwookkim/Library/Developer/Xcode/Archives/2026-04-17/StockFolio 4-17-26, 2.14 PM.xcarchive/Products/Applications/StockFolio.app/Frameworks/ReactNativeDependencies.framework'>', codeSigningInfo='<_DVTCodeSigningInformation_Path: 0x71d10dfe0; isSigned='1', isAdHocSigned='0', signingCertificate='<DVTSigningCertificate: 0x71ce29e00; name='Apple Distribution: YOUNG WOOK KIM (SJMRCCH98M)', hash='D08691990AB4FDDB716D168BF7A864D3741B478F', serialNumber='5BD00461689EDDCBFAA8646073D1307C', certificateKinds='(
    "1.2.840.113635.100.6.1.7",
    "1.2.840.113635.100.6.1.4"
), issueDate='2026-04-13 15:49:48 +0000''>', entitlements='(null)', teamID='SJMRCCH98M', identifier='third-party.ReactNativeDependencies', executablePath='<DVTFilePath:0x71468be90:'/Users/youngwookkim/Library/Developer/Xcode/Archives/2026-04-17/StockFolio 4-17-26, 2.14 PM.xcarchive/Products/Applications/StockFolio.app/Frameworks/ReactNativeDependencies.framework/ReactNativeDependencies'>', hardenedRuntime='0'>'> to: /var/folders/0b/x9g6w2w500j0dr_7ft4v4b000000gn/T/XcodeDistPipeline.~~~rnybaO/entitlements~~~ER4K5U
2026-04-17 05:17:55 +0000  invoking codesign: <NSConcreteTask: 0x6f7e4f7f0; launchPath='/usr/bin/codesign', arguments='(
    "-f",
    "-s",
    D08691990AB4FDDB716D168BF7A864D3741B478F,
    "--entitlements",
    "/var/folders/0b/x9g6w2w500j0dr_7ft4v4b000000gn/T/XcodeDistPipeline.~~~rnybaO/entitlements~~~ER4K5U",
    "--preserve-metadata=identifier,flags,runtime,launch-constraints,library-constraints",
    "--generate-entitlement-der",
    "--strip-disallowed-xattrs",
    "-vvv",
    "/var/folders/0b/x9g6w2w500j0dr_7ft4v4b000000gn/T/XcodeDistPipeline.~~~rnybaO/Root/Payload/StockFolio.app/Frameworks/ReactNativeDependencies.framework"
)'>
2026-04-17 05:17:55 +0000  codesign output: /var/folders/0b/x9g6w2w500j0dr_7ft4v4b000000gn/T/XcodeDistPipeline.~~~rnybaO/Root/Payload/StockFolio.app/Frameworks/ReactNativeDependencies.framework: replacing existing signature
/var/folders/0b/x9g6w2w500j0dr_7ft4v4b000000gn/T/XcodeDistPipeline.~~~rnybaO/Root/Payload/StockFolio.app/Frameworks/ReactNativeDependencies.framework: signed bundle with Mach-O thin (arm64) [third-party.ReactNativeDependencies]
2026-04-17 05:17:55 +0000  Entitlements for <IDEDistributionItem: 0x71d10d380; bundleID='dev.hermesengine.iphoneos', path='<DVTFilePath:0x71468bc60:'/Users/youngwookkim/Library/Developer/Xcode/Archives/2026-04-17/StockFolio 4-17-26, 2.14 PM.xcarchive/Products/Applications/StockFolio.app/Frameworks/hermes.framework'>', codeSigningInfo='<_DVTCodeSigningInformation_Path: 0x71d10d5c0; isSigned='1', isAdHocSigned='0', signingCertificate='<DVTSigningCertificate: 0x71ce2bb40; name='Apple Distribution: YOUNG WOOK KIM (SJMRCCH98M)', hash='D08691990AB4FDDB716D168BF7A864D3741B478F', serialNumber='5BD00461689EDDCBFAA8646073D1307C', certificateKinds='(
    "1.2.840.113635.100.6.1.7",
    "1.2.840.113635.100.6.1.4"
), issueDate='2026-04-13 15:49:48 +0000''>', entitlements='(null)', teamID='SJMRCCH98M', identifier='dev.hermesengine.iphoneos', executablePath='<DVTFilePath:0x71cdf69a0:'/Users/youngwookkim/Library/Developer/Xcode/Archives/2026-04-17/StockFolio 4-17-26, 2.14 PM.xcarchive/Products/Applications/StockFolio.app/Frameworks/hermes.framework/hermes'>', hardenedRuntime='0'>'>: {
}
2026-04-17 05:17:55 +0000  Associated App Clip Identifiers Filter: Skipping because "com.apple.developer.associated-appclip-app-identifiers" is not present
2026-04-17 05:17:55 +0000  Entitlements for <IDEDistributionItem: 0x71d10d380; bundleID='dev.hermesengine.iphoneos', path='<DVTFilePath:0x71468bc60:'/Users/youngwookkim/Library/Developer/Xcode/Archives/2026-04-17/StockFolio 4-17-26, 2.14 PM.xcarchive/Products/Applications/StockFolio.app/Frameworks/hermes.framework'>', codeSigningInfo='<_DVTCodeSigningInformation_Path: 0x71d10d5c0; isSigned='1', isAdHocSigned='0', signingCertificate='<DVTSigningCertificate: 0x71ce29e00; name='Apple Distribution: YOUNG WOOK KIM (SJMRCCH98M)', hash='D08691990AB4FDDB716D168BF7A864D3741B478F', serialNumber='5BD00461689EDDCBFAA8646073D1307C', certificateKinds='(
    "1.2.840.113635.100.6.1.7",
    "1.2.840.113635.100.6.1.4"
), issueDate='2026-04-13 15:49:48 +0000''>', entitlements='(null)', teamID='SJMRCCH98M', identifier='dev.hermesengine.iphoneos', executablePath='<DVTFilePath:0x71cdf69a0:'/Users/youngwookkim/Library/Developer/Xcode/Archives/2026-04-17/StockFolio 4-17-26, 2.14 PM.xcarchive/Products/Applications/StockFolio.app/Frameworks/hermes.framework/hermes'>', hardenedRuntime='0'>'> are: {
}
2026-04-17 05:17:55 +0000  Writing entitlements for <IDEDistributionItem: 0x71d10d380; bundleID='dev.hermesengine.iphoneos', path='<DVTFilePath:0x71468bc60:'/Users/youngwookkim/Library/Developer/Xcode/Archives/2026-04-17/StockFolio 4-17-26, 2.14 PM.xcarchive/Products/Applications/StockFolio.app/Frameworks/hermes.framework'>', codeSigningInfo='<_DVTCodeSigningInformation_Path: 0x71d10d5c0; isSigned='1', isAdHocSigned='0', signingCertificate='<DVTSigningCertificate: 0x71ce29e00; name='Apple Distribution: YOUNG WOOK KIM (SJMRCCH98M)', hash='D08691990AB4FDDB716D168BF7A864D3741B478F', serialNumber='5BD00461689EDDCBFAA8646073D1307C', certificateKinds='(
    "1.2.840.113635.100.6.1.7",
    "1.2.840.113635.100.6.1.4"
), issueDate='2026-04-13 15:49:48 +0000''>', entitlements='(null)', teamID='SJMRCCH98M', identifier='dev.hermesengine.iphoneos', executablePath='<DVTFilePath:0x71cdf69a0:'/Users/youngwookkim/Library/Developer/Xcode/Archives/2026-04-17/StockFolio 4-17-26, 2.14 PM.xcarchive/Products/Applications/StockFolio.app/Frameworks/hermes.framework/hermes'>', hardenedRuntime='0'>'> to: /var/folders/0b/x9g6w2w500j0dr_7ft4v4b000000gn/T/XcodeDistPipeline.~~~rnybaO/entitlements~~~cEYFUO
2026-04-17 05:17:55 +0000  invoking codesign: <NSConcreteTask: 0x6f7e4f7f0; launchPath='/usr/bin/codesign', arguments='(
    "-f",
    "-s",
    D08691990AB4FDDB716D168BF7A864D3741B478F,
    "--entitlements",
    "/var/folders/0b/x9g6w2w500j0dr_7ft4v4b000000gn/T/XcodeDistPipeline.~~~rnybaO/entitlements~~~cEYFUO",
    "--preserve-metadata=identifier,flags,runtime,launch-constraints,library-constraints",
    "--generate-entitlement-der",
    "--strip-disallowed-xattrs",
    "-vvv",
    "/var/folders/0b/x9g6w2w500j0dr_7ft4v4b000000gn/T/XcodeDistPipeline.~~~rnybaO/Root/Payload/StockFolio.app/Frameworks/hermes.framework"
)'>
2026-04-17 05:17:55 +0000  codesign output: /var/folders/0b/x9g6w2w500j0dr_7ft4v4b000000gn/T/XcodeDistPipeline.~~~rnybaO/Root/Payload/StockFolio.app/Frameworks/hermes.framework: replacing existing signature
/var/folders/0b/x9g6w2w500j0dr_7ft4v4b000000gn/T/XcodeDistPipeline.~~~rnybaO/Root/Payload/StockFolio.app/Frameworks/hermes.framework: signed bundle with Mach-O thin (arm64) [dev.hermesengine.iphoneos]
2026-04-17 05:17:55 +0000  Entitlements for <IDEDistributionItem: 0x71d10d500; bundleID='com.kyw1984.stockfolio', path='<DVTFilePath:0x71cdf47e0:'/Users/youngwookkim/Library/Developer/Xcode/Archives/2026-04-17/StockFolio 4-17-26, 2.14 PM.xcarchive/Products/Applications/StockFolio.app'>', codeSigningInfo='<_DVTCodeSigningInformation_Path: 0x71d10d4a0; isSigned='1', isAdHocSigned='0', signingCertificate='<DVTSigningCertificate: 0x71ce2bb40; name='Apple Distribution: YOUNG WOOK KIM (SJMRCCH98M)', hash='D08691990AB4FDDB716D168BF7A864D3741B478F', serialNumber='5BD00461689EDDCBFAA8646073D1307C', certificateKinds='(
    "1.2.840.113635.100.6.1.7",
    "1.2.840.113635.100.6.1.4"
), issueDate='2026-04-13 15:49:48 +0000''>', entitlements='{
    "application-identifier" = "SJMRCCH98M.com.kyw1984.stockfolio";
    "beta-reports-active" = 1;
    "com.apple.developer.team-identifier" = SJMRCCH98M;
    "get-task-allow" = 0;
}', teamID='SJMRCCH98M', identifier='com.kyw1984.stockfolio', executablePath='<DVTFilePath:0x71cdf55c0:'/Users/youngwookkim/Library/Developer/Xcode/Archives/2026-04-17/StockFolio 4-17-26, 2.14 PM.xcarchive/Products/Applications/StockFolio.app/StockFolio'>', hardenedRuntime='0'>'>: {
    "application-identifier" = "SJMRCCH98M.com.kyw1984.stockfolio";
    "beta-reports-active" = 1;
    "com.apple.developer.team-identifier" = SJMRCCH98M;
    "get-task-allow" = 0;
}
2026-04-17 05:17:55 +0000  Associated App Clip Identifiers Filter: Skipping because "com.apple.developer.associated-appclip-app-identifiers" is not present
2026-04-17 05:17:55 +0000  Entitlements for <IDEDistributionItem: 0x71d10d500; bundleID='com.kyw1984.stockfolio', path='<DVTFilePath:0x71cdf47e0:'/Users/youngwookkim/Library/Developer/Xcode/Archives/2026-04-17/StockFolio 4-17-26, 2.14 PM.xcarchive/Products/Applications/StockFolio.app'>', codeSigningInfo='<_DVTCodeSigningInformation_Path: 0x71d10d4a0; isSigned='1', isAdHocSigned='0', signingCertificate='<DVTSigningCertificate: 0x71ce29e00; name='Apple Distribution: YOUNG WOOK KIM (SJMRCCH98M)', hash='D08691990AB4FDDB716D168BF7A864D3741B478F', serialNumber='5BD00461689EDDCBFAA8646073D1307C', certificateKinds='(
    "1.2.840.113635.100.6.1.7",
    "1.2.840.113635.100.6.1.4"
), issueDate='2026-04-13 15:49:48 +0000''>', entitlements='{
    "application-identifier" = "SJMRCCH98M.com.kyw1984.stockfolio";
    "beta-reports-active" = 1;
    "com.apple.developer.team-identifier" = SJMRCCH98M;
    "get-task-allow" = 0;
}', teamID='SJMRCCH98M', identifier='com.kyw1984.stockfolio', executablePath='<DVTFilePath:0x71cdf55c0:'/Users/youngwookkim/Library/Developer/Xcode/Archives/2026-04-17/StockFolio 4-17-26, 2.14 PM.xcarchive/Products/Applications/StockFolio.app/StockFolio'>', hardenedRuntime='0'>'> are: {
    "application-identifier" = "SJMRCCH98M.com.kyw1984.stockfolio";
    "beta-reports-active" = 1;
    "com.apple.developer.team-identifier" = SJMRCCH98M;
    "get-task-allow" = 0;
}
2026-04-17 05:17:55 +0000  Writing entitlements for <IDEDistributionItem: 0x71d10d500; bundleID='com.kyw1984.stockfolio', path='<DVTFilePath:0x71cdf47e0:'/Users/youngwookkim/Library/Developer/Xcode/Archives/2026-04-17/StockFolio 4-17-26, 2.14 PM.xcarchive/Products/Applications/StockFolio.app'>', codeSigningInfo='<_DVTCodeSigningInformation_Path: 0x71d10d4a0; isSigned='1', isAdHocSigned='0', signingCertificate='<DVTSigningCertificate: 0x71ce29e00; name='Apple Distribution: YOUNG WOOK KIM (SJMRCCH98M)', hash='D08691990AB4FDDB716D168BF7A864D3741B478F', serialNumber='5BD00461689EDDCBFAA8646073D1307C', certificateKinds='(
    "1.2.840.113635.100.6.1.7",
    "1.2.840.113635.100.6.1.4"
), issueDate='2026-04-13 15:49:48 +0000''>', entitlements='{
    "application-identifier" = "SJMRCCH98M.com.kyw1984.stockfolio";
    "beta-reports-active" = 1;
    "com.apple.developer.team-identifier" = SJMRCCH98M;
    "get-task-allow" = 0;
}', teamID='SJMRCCH98M', identifier='com.kyw1984.stockfolio', executablePath='<DVTFilePath:0x71cdf55c0:'/Users/youngwookkim/Library/Developer/Xcode/Archives/2026-04-17/StockFolio 4-17-26, 2.14 PM.xcarchive/Products/Applications/StockFolio.app/StockFolio'>', hardenedRuntime='0'>'> to: /var/folders/0b/x9g6w2w500j0dr_7ft4v4b000000gn/T/XcodeDistPipeline.~~~rnybaO/entitlements~~~cQx5j7
2026-04-17 05:17:55 +0000  invoking codesign: <NSConcreteTask: 0x6f7e4f7f0; launchPath='/usr/bin/codesign', arguments='(
    "-f",
    "-s",
    D08691990AB4FDDB716D168BF7A864D3741B478F,
    "--entitlements",
    "/var/folders/0b/x9g6w2w500j0dr_7ft4v4b000000gn/T/XcodeDistPipeline.~~~rnybaO/entitlements~~~cQx5j7",
    "--preserve-metadata=identifier,flags,runtime,launch-constraints,library-constraints",
    "--generate-entitlement-der",
    "--strip-disallowed-xattrs",
    "-vvv",
    "/var/folders/0b/x9g6w2w500j0dr_7ft4v4b000000gn/T/XcodeDistPipeline.~~~rnybaO/Root/Payload/StockFolio.app"
)'>
2026-04-17 05:17:55 +0000  codesign output: /var/folders/0b/x9g6w2w500j0dr_7ft4v4b000000gn/T/XcodeDistPipeline.~~~rnybaO/Root/Payload/StockFolio.app: replacing existing signature
/var/folders/0b/x9g6w2w500j0dr_7ft4v4b000000gn/T/XcodeDistPipeline.~~~rnybaO/Root/Payload/StockFolio.app: signed app bundle with Mach-O thin (arm64) [com.kyw1984.stockfolio]
2026-04-17 05:17:55 +0000  Processing step: IDEDistributionZipODRItemStep
2026-04-17 05:17:55 +0000  Skipping step: IDEDistributionZipODRItemStep because it said so
2026-04-17 05:17:55 +0000  Skipping step: IDEDistributionZipODRItemStep because it said so
2026-04-17 05:17:55 +0000  Skipping step: IDEDistributionZipODRItemStep because it said so
2026-04-17 05:17:55 +0000  Skipping step: IDEDistributionZipODRItemStep because it said so
2026-04-17 05:17:55 +0000  Processing step: IDEDistributionCreateIPAStep
2026-04-17 05:17:55 +0000  Running /usr/bin/rsync '-8aPhhE' '/var/folders/0b/x9g6w2w500j0dr_7ft4v4b000000gn/T/XcodeDistPipeline.~~~rnybaO/Symbols' '--link-dest' '/var/folders/0b/x9g6w2w500j0dr_7ft4v4b000000gn/T/XcodeDistPipeline.~~~rnybaO' '/var/folders/0b/x9g6w2w500j0dr_7ft4v4b000000gn/T/XcodeDistPipeline.~~~rnybaO/Root'
2026-04-17 05:17:55 +0000  Symbols/
Symbols/36E5DD6E-511D-30DD-AD3E-7BA4B675AEDD.symbols
2026-04-17 05:17:55 +0000  /usr/bin/rsync exited with 0
2026-04-17 05:17:55 +0000  Running /usr/bin/ditto '-V' '-c' '-k' '--norsrc' '/var/folders/0b/x9g6w2w500j0dr_7ft4v4b000000gn/T/XcodeDistPipeline.~~~rnybaO/Root' '/var/folders/0b/x9g6w2w500j0dr_7ft4v4b000000gn/T/XcodeDistPipeline.~~~rnybaO/Packages/StockFolio.ipa'
2026-04-17 05:17:55 +0000  >>> Copying /var/folders/0b/x9g6w2w500j0dr_7ft4v4b000000gn/T/XcodeDistPipeline.~~~rnybaO/Root 
2026-04-17 05:17:55 +0000  copying file ./Payload/StockFolio.app/_CodeSignature/CodeResources ... 
2026-04-17 05:17:55 +0000  23105 bytes for ./Payload/StockFolio.app/_CodeSignature/CodeResources
2026-04-17 05:17:55 +0000  copying file ./Payload/StockFolio.app/SplashScreen.storyboardc/EXPO-VIEWCONTROLLER-1-view-EXPO-ContainerView.nib ... 
2026-04-17 05:17:55 +0000  2196 bytes for ./Payload/StockFolio.app/SplashScreen.storyboardc/EXPO-VIEWCONTROLLER-1-view-EXPO-ContainerView.nib
2026-04-17 05:17:55 +0000  copying file ./Payload/StockFolio.app/SplashScreen.storyboardc/SplashScreenViewController.nib ... 
2026-04-17 05:17:55 +0000  1004 bytes for ./Payload/StockFolio.app/SplashScreen.storyboardc/SplashScreenViewController.nib
2026-04-17 05:17:55 +0000  copying file ./Payload/StockFolio.app/SplashScreen.storyboardc/Info.plist ... 
2026-04-17 05:17:55 +0000  225 bytes for ./Payload/StockFolio.app/SplashScreen.storyboardc/Info.plist
2026-04-17 05:17:55 +0000  copying file ./Payload/StockFolio.app/StockFolio ... 
2026-04-17 05:17:56 +0000  13736848 bytes for ./Payload/StockFolio.app/StockFolio
2026-04-17 05:17:56 +0000  copying file ./Payload/StockFolio.app/AppIcon60x60@2x.png ... 
2026-04-17 05:17:56 +0000  14413 bytes for ./Payload/StockFolio.app/AppIcon60x60@2x.png
2026-04-17 05:17:56 +0000  copying file ./Payload/StockFolio.app/ExpoConstants_privacy.bundle/PrivacyInfo.xcprivacy ... 
2026-04-17 05:17:56 +0000  607 bytes for ./Payload/StockFolio.app/ExpoConstants_privacy.bundle/PrivacyInfo.xcprivacy
2026-04-17 05:17:56 +0000  copying file ./Payload/StockFolio.app/ExpoConstants_privacy.bundle/Info.plist ... 
2026-04-17 05:17:56 +0000  792 bytes for ./Payload/StockFolio.app/ExpoConstants_privacy.bundle/Info.plist
2026-04-17 05:17:56 +0000  copying file ./Payload/StockFolio.app/UserMessagingPlatformResources.bundle/PrivacyInfo.xcprivacy ... 
2026-04-17 05:17:56 +0000  1677 bytes for ./Payload/StockFolio.app/UserMessagingPlatformResources.bundle/PrivacyInfo.xcprivacy
copying file ./Payload/StockFolio.app/UserMessagingPlatformResources.bundle/Info.plist ... 
2026-04-17 05:17:56 +0000  808 bytes for ./Payload/StockFolio.app/UserMessagingPlatformResources.bundle/Info.plist
2026-04-17 05:17:56 +0000  copying file ./Payload/StockFolio.app/React-cxxreact_privacy.bundle/PrivacyInfo.xcprivacy ... 
2026-04-17 05:17:56 +0000  552 bytes for ./Payload/StockFolio.app/React-cxxreact_privacy.bundle/PrivacyInfo.xcprivacy
2026-04-17 05:17:56 +0000  copying file ./Payload/StockFolio.app/React-cxxreact_privacy.bundle/Info.plist ... 
2026-04-17 05:17:56 +0000  793 bytes for ./Payload/StockFolio.app/React-cxxreact_privacy.bundle/Info.plist
2026-04-17 05:17:56 +0000  copying file ./Payload/StockFolio.app/GoogleMobileAdsResources.bundle/PrivacyInfo.xcprivacy ... 
2026-04-17 05:17:56 +0000  4491 bytes for ./Payload/StockFolio.app/GoogleMobileAdsResources.bundle/PrivacyInfo.xcprivacy
2026-04-17 05:17:56 +0000  copying file ./Payload/StockFolio.app/GoogleMobileAdsResources.bundle/Info.plist ... 
2026-04-17 05:17:56 +0000  797 bytes for ./Payload/StockFolio.app/GoogleMobileAdsResources.bundle/Info.plist
2026-04-17 05:17:56 +0000  copying file ./Payload/StockFolio.app/RevenueCat.bundle/PrivacyInfo.xcprivacy ... 
2026-04-17 05:17:56 +0000  945 bytes for ./Payload/StockFolio.app/RevenueCat.bundle/PrivacyInfo.xcprivacy
2026-04-17 05:17:56 +0000  copying file ./Payload/StockFolio.app/RevenueCat.bundle/Info.plist ... 
2026-04-17 05:17:56 +0000  767 bytes for ./Payload/StockFolio.app/RevenueCat.bundle/Info.plist
2026-04-17 05:17:56 +0000  copying file ./Payload/StockFolio.app/ExpoApplication_privacy.bundle/PrivacyInfo.xcprivacy ... 
2026-04-17 05:17:56 +0000  608 bytes for ./Payload/StockFolio.app/ExpoApplication_privacy.bundle/PrivacyInfo.xcprivacy
2026-04-17 05:17:56 +0000  copying file ./Payload/StockFolio.app/ExpoApplication_privacy.bundle/Info.plist ... 
2026-04-17 05:17:56 +0000  794 bytes for ./Payload/StockFolio.app/ExpoApplication_privacy.bundle/Info.plist
2026-04-17 05:17:56 +0000  copying file ./Payload/StockFolio.app/Assets.car ... 
2026-04-17 05:17:56 +0000  3755704 bytes for ./Payload/StockFolio.app/Assets.car
2026-04-17 05:17:56 +0000  copying file ./Payload/StockFolio.app/AppIcon76x76@2x~ipad.png ... 
2026-04-17 05:17:56 +0000  23047 bytes for ./Payload/StockFolio.app/AppIcon76x76@2x~ipad.png
2026-04-17 05:17:56 +0000  copying file ./Payload/StockFolio.app/main.jsbundle ... 
2026-04-17 05:17:56 +0000  7348882 bytes for ./Payload/StockFolio.app/main.jsbundle
2026-04-17 05:17:56 +0000  copying file ./Payload/StockFolio.app/EXConstants.bundle/app.config ... 
1092 bytes for ./Payload/StockFolio.app/EXConstants.bundle/app.config
copying file ./Payload/StockFolio.app/EXConstants.bundle/Info.plist ... 
770 bytes for ./Payload/StockFolio.app/EXConstants.bundle/Info.plist
copying file ./Payload/StockFolio.app/PrivacyInfo.xcprivacy ... 
2026-04-17 05:17:56 +0000  1283 bytes for ./Payload/StockFolio.app/PrivacyInfo.xcprivacy
2026-04-17 05:17:56 +0000  copying file ./Payload/StockFolio.app/ExpoNotifications_privacy.bundle/PrivacyInfo.xcprivacy ... 
607 bytes for ./Payload/StockFolio.app/ExpoNotifications_privacy.bundle/PrivacyInfo.xcprivacy
2026-04-17 05:17:56 +0000  copying file ./Payload/StockFolio.app/ExpoNotifications_privacy.bundle/Info.plist ... 
2026-04-17 05:17:56 +0000  800 bytes for ./Payload/StockFolio.app/ExpoNotifications_privacy.bundle/Info.plist
2026-04-17 05:17:56 +0000  copying file ./Payload/StockFolio.app/RNSVGFilters.bundle/RNSVGArithmeticFilter.iphoneos.metallib ... 
2026-04-17 05:17:56 +0000  3993 bytes for ./Payload/StockFolio.app/RNSVGFilters.bundle/RNSVGArithmeticFilter.iphoneos.metallib
2026-04-17 05:17:56 +0000  copying file ./Payload/StockFolio.app/RNSVGFilters.bundle/RNSVGCompositeXor.iphoneos.metallib ... 
2026-04-17 05:17:56 +0000  3509 bytes for ./Payload/StockFolio.app/RNSVGFilters.bundle/RNSVGCompositeXor.iphoneos.metallib
2026-04-17 05:17:56 +0000  copying file ./Payload/StockFolio.app/RNSVGFilters.bundle/Info.plist ... 
772 bytes for ./Payload/StockFolio.app/RNSVGFilters.bundle/Info.plist
2026-04-17 05:17:56 +0000  copying file ./Payload/StockFolio.app/ExpoFileSystem_privacy.bundle/PrivacyInfo.xcprivacy ... 
2026-04-17 05:17:56 +0000  877 bytes for ./Payload/StockFolio.app/ExpoFileSystem_privacy.bundle/PrivacyInfo.xcprivacy
2026-04-17 05:17:56 +0000  copying file ./Payload/StockFolio.app/ExpoFileSystem_privacy.bundle/Info.plist ... 
794 bytes for ./Payload/StockFolio.app/ExpoFileSystem_privacy.bundle/Info.plist
2026-04-17 05:17:56 +0000  copying file ./Payload/StockFolio.app/PurchasesHybridCommon.bundle/PrivacyInfo.xcprivacy ... 
2026-04-17 05:17:56 +0000  551 bytes for ./Payload/StockFolio.app/PurchasesHybridCommon.bundle/PrivacyInfo.xcprivacy
2026-04-17 05:17:56 +0000  copying file ./Payload/StockFolio.app/PurchasesHybridCommon.bundle/Info.plist ... 
2026-04-17 05:17:56 +0000  792 bytes for ./Payload/StockFolio.app/PurchasesHybridCommon.bundle/Info.plist
2026-04-17 05:17:56 +0000  copying file ./Payload/StockFolio.app/Frameworks/React.framework/_CodeSignature/CodeResources ... 
2026-04-17 05:17:56 +0000  1798 bytes for ./Payload/StockFolio.app/Frameworks/React.framework/_CodeSignature/CodeResources
2026-04-17 05:17:56 +0000  copying file ./Payload/StockFolio.app/Frameworks/React.framework/React ... 
2026-04-17 05:17:56 +0000  11306560 bytes for ./Payload/StockFolio.app/Frameworks/React.framework/React
2026-04-17 05:17:56 +0000  copying file ./Payload/StockFolio.app/Frameworks/React.framework/Info.plist ... 
2026-04-17 05:17:56 +0000  749 bytes for ./Payload/StockFolio.app/Frameworks/React.framework/Info.plist
2026-04-17 05:17:56 +0000  copying file ./Payload/StockFolio.app/Frameworks/ReactNativeDependencies.framework/_CodeSignature/CodeResources ... 
2026-04-17 05:17:56 +0000  3548 bytes for ./Payload/StockFolio.app/Frameworks/ReactNativeDependencies.framework/_CodeSignature/CodeResources
2026-04-17 05:17:56 +0000  copying file ./Payload/StockFolio.app/Frameworks/ReactNativeDependencies.framework/ReactNativeDependencies_folly.bundle/PrivacyInfo.xcprivacy ... 
2026-04-17 05:17:56 +0000  552 bytes for ./Payload/StockFolio.app/Frameworks/ReactNativeDependencies.framework/ReactNativeDependencies_folly.bundle/PrivacyInfo.xcprivacy
2026-04-17 05:17:56 +0000  copying file ./Payload/StockFolio.app/Frameworks/ReactNativeDependencies.framework/ReactNativeDependencies_folly.bundle/Info.plist ... 
2026-04-17 05:17:56 +0000  690 bytes for ./Payload/StockFolio.app/Frameworks/ReactNativeDependencies.framework/ReactNativeDependencies_folly.bundle/Info.plist
2026-04-17 05:17:56 +0000  copying file ./Payload/StockFolio.app/Frameworks/ReactNativeDependencies.framework/ReactNativeDependencies ... 
2026-04-17 05:17:56 +0000  1279888 bytes for ./Payload/StockFolio.app/Frameworks/ReactNativeDependencies.framework/ReactNativeDependencies
2026-04-17 05:17:56 +0000  copying file ./Payload/StockFolio.app/Frameworks/ReactNativeDependencies.framework/ReactNativeDependencies_glog.bundle/PrivacyInfo.xcprivacy ... 
2026-04-17 05:17:56 +0000  552 bytes for ./Payload/StockFolio.app/Frameworks/ReactNativeDependencies.framework/ReactNativeDependencies_glog.bundle/PrivacyInfo.xcprivacy
2026-04-17 05:17:56 +0000  copying file ./Payload/StockFolio.app/Frameworks/ReactNativeDependencies.framework/ReactNativeDependencies_glog.bundle/Info.plist ... 
2026-04-17 05:17:56 +0000  688 bytes for ./Payload/StockFolio.app/Frameworks/ReactNativeDependencies.framework/ReactNativeDependencies_glog.bundle/Info.plist
2026-04-17 05:17:56 +0000  copying file ./Payload/StockFolio.app/Frameworks/ReactNativeDependencies.framework/ReactNativeDependencies_boost.bundle/PrivacyInfo.xcprivacy ... 
2026-04-17 05:17:56 +0000  776 bytes for ./Payload/StockFolio.app/Frameworks/ReactNativeDependencies.framework/ReactNativeDependencies_boost.bundle/PrivacyInfo.xcprivacy
2026-04-17 05:17:56 +0000  copying file ./Payload/StockFolio.app/Frameworks/ReactNativeDependencies.framework/ReactNativeDependencies_boost.bundle/Info.plist ... 
2026-04-17 05:17:56 +0000  690 bytes for ./Payload/StockFolio.app/Frameworks/ReactNativeDependencies.framework/ReactNativeDependencies_boost.bundle/Info.plist
copying file ./Payload/StockFolio.app/Frameworks/ReactNativeDependencies.framework/Info.plist ... 
2026-04-17 05:17:56 +0000  782 bytes for ./Payload/StockFolio.app/Frameworks/ReactNativeDependencies.framework/Info.plist
2026-04-17 05:17:56 +0000  copying file ./Payload/StockFolio.app/Frameworks/hermes.framework/_CodeSignature/CodeResources ... 
2026-04-17 05:17:56 +0000  1798 bytes for ./Payload/StockFolio.app/Frameworks/hermes.framework/_CodeSignature/CodeResources
2026-04-17 05:17:56 +0000  copying file ./Payload/StockFolio.app/Frameworks/hermes.framework/hermes ... 
2026-04-17 05:17:56 +0000  4728064 bytes for ./Payload/StockFolio.app/Frameworks/hermes.framework/hermes
2026-04-17 05:17:56 +0000  copying file ./Payload/StockFolio.app/Frameworks/hermes.framework/Info.plist ... 
859 bytes for ./Payload/StockFolio.app/Frameworks/hermes.framework/Info.plist
2026-04-17 05:17:56 +0000  copying file ./Payload/StockFolio.app/embedded.mobileprovision ... 
2026-04-17 05:17:56 +0000  16342 bytes for ./Payload/StockFolio.app/embedded.mobileprovision
2026-04-17 05:17:56 +0000  copying file ./Payload/StockFolio.app/assets/node_modules/@react-navigation/elements/lib/module/assets/back-icon@3x.png ... 
2026-04-17 05:17:56 +0000  761 bytes for ./Payload/StockFolio.app/assets/node_modules/@react-navigation/elements/lib/module/assets/back-icon@3x.png
2026-04-17 05:17:56 +0000  copying file ./Payload/StockFolio.app/assets/node_modules/@react-navigation/elements/lib/module/assets/back-icon@2x.png ... 
405 bytes for ./Payload/StockFolio.app/assets/node_modules/@react-navigation/elements/lib/module/assets/back-icon@2x.png
2026-04-17 05:17:56 +0000  copying file ./Payload/StockFolio.app/assets/node_modules/@react-navigation/elements/lib/module/assets/search-icon@2x.png ... 
2026-04-17 05:17:56 +0000  589 bytes for ./Payload/StockFolio.app/assets/node_modules/@react-navigation/elements/lib/module/assets/search-icon@2x.png
2026-04-17 05:17:56 +0000  copying file ./Payload/StockFolio.app/assets/node_modules/@react-navigation/elements/lib/module/assets/clear-icon@3x.png ... 
2026-04-17 05:17:56 +0000  502 bytes for ./Payload/StockFolio.app/assets/node_modules/@react-navigation/elements/lib/module/assets/clear-icon@3x.png
2026-04-17 05:17:56 +0000  copying file ./Payload/StockFolio.app/assets/node_modules/@react-navigation/elements/lib/module/assets/back-icon.png ... 
2026-04-17 05:17:56 +0000  290 bytes for ./Payload/StockFolio.app/assets/node_modules/@react-navigation/elements/lib/module/assets/back-icon.png
copying file ./Payload/StockFolio.app/assets/node_modules/@react-navigation/elements/lib/module/assets/clear-icon@2x.png ... 
2026-04-17 05:17:56 +0000  334 bytes for ./Payload/StockFolio.app/assets/node_modules/@react-navigation/elements/lib/module/assets/clear-icon@2x.png
2026-04-17 05:17:56 +0000  copying file ./Payload/StockFolio.app/assets/node_modules/@react-navigation/elements/lib/module/assets/search-icon@3x.png ... 
2026-04-17 05:17:56 +0000  839 bytes for ./Payload/StockFolio.app/assets/node_modules/@react-navigation/elements/lib/module/assets/search-icon@3x.png
copying file ./Payload/StockFolio.app/assets/node_modules/@react-navigation/elements/lib/module/assets/close-icon.png ... 
2026-04-17 05:17:56 +0000  141 bytes for ./Payload/StockFolio.app/assets/node_modules/@react-navigation/elements/lib/module/assets/close-icon.png
copying file ./Payload/StockFolio.app/assets/node_modules/@react-navigation/elements/lib/module/assets/back-icon-mask.png ... 
2026-04-17 05:17:56 +0000  653 bytes for ./Payload/StockFolio.app/assets/node_modules/@react-navigation/elements/lib/module/assets/back-icon-mask.png
2026-04-17 05:17:56 +0000  copying file ./Payload/StockFolio.app/assets/node_modules/@react-navigation/elements/lib/module/assets/close-icon@2x.png ... 
2026-04-17 05:17:56 +0000  201 bytes for ./Payload/StockFolio.app/assets/node_modules/@react-navigation/elements/lib/module/assets/close-icon@2x.png
copying file ./Payload/StockFolio.app/assets/node_modules/@react-navigation/elements/lib/module/assets/close-icon@3x.png ... 
2026-04-17 05:17:56 +0000  266 bytes for ./Payload/StockFolio.app/assets/node_modules/@react-navigation/elements/lib/module/assets/close-icon@3x.png
copying file ./Payload/StockFolio.app/assets/node_modules/@react-navigation/elements/lib/module/assets/clear-icon.png ... 
2026-04-17 05:17:56 +0000  220 bytes for ./Payload/StockFolio.app/assets/node_modules/@react-navigation/elements/lib/module/assets/clear-icon.png
2026-04-17 05:17:56 +0000  copying file ./Payload/StockFolio.app/assets/node_modules/@react-navigation/elements/lib/module/assets/search-icon.png ... 
2026-04-17 05:17:56 +0000  317 bytes for ./Payload/StockFolio.app/assets/node_modules/@react-navigation/elements/lib/module/assets/search-icon.png
2026-04-17 05:17:56 +0000  copying file ./Payload/StockFolio.app/assets/node_modules/expo-router/assets/pkg.png ... 
2026-04-17 05:17:56 +0000  364 bytes for ./Payload/StockFolio.app/assets/node_modules/expo-router/assets/pkg.png
2026-04-17 05:17:56 +0000  copying file ./Payload/StockFolio.app/assets/node_modules/expo-router/assets/unmatched.png ... 
2026-04-17 05:17:56 +0000  4752 bytes for ./Payload/StockFolio.app/assets/node_modules/expo-router/assets/unmatched.png
2026-04-17 05:17:56 +0000  copying file ./Payload/StockFolio.app/assets/node_modules/expo-router/assets/file.png ... 
2026-04-17 05:17:56 +0000  138 bytes for ./Payload/StockFolio.app/assets/node_modules/expo-router/assets/file.png
2026-04-17 05:17:56 +0000  copying file ./Payload/StockFolio.app/assets/node_modules/expo-router/assets/forward.png ... 
2026-04-17 05:17:56 +0000  188 bytes for ./Payload/StockFolio.app/assets/node_modules/expo-router/assets/forward.png
copying file ./Payload/StockFolio.app/assets/node_modules/expo-router/assets/error.png ... 
2026-04-17 05:17:56 +0000  469 bytes for ./Payload/StockFolio.app/assets/node_modules/expo-router/assets/error.png
2026-04-17 05:17:56 +0000  copying file ./Payload/StockFolio.app/assets/node_modules/expo-router/assets/sitemap.png ... 
2026-04-17 05:17:56 +0000  465 bytes for ./Payload/StockFolio.app/assets/node_modules/expo-router/assets/sitemap.png
2026-04-17 05:17:56 +0000  copying file ./Payload/StockFolio.app/assets/node_modules/expo-router/assets/arrow_down.png ... 
2026-04-17 05:17:56 +0000  9456 bytes for ./Payload/StockFolio.app/assets/node_modules/expo-router/assets/arrow_down.png
2026-04-17 05:17:56 +0000  copying file ./Payload/StockFolio.app/Info.plist ... 
2026-04-17 05:17:56 +0000  1962 bytes for ./Payload/StockFolio.app/Info.plist
2026-04-17 05:17:56 +0000  copying file ./Payload/StockFolio.app/Expo.plist ... 
132 bytes for ./Payload/StockFolio.app/Expo.plist
2026-04-17 05:17:56 +0000  copying file ./Payload/StockFolio.app/RNCAsyncStorage_resources.bundle/PrivacyInfo.xcprivacy ... 
2026-04-17 05:17:56 +0000  512 bytes for ./Payload/StockFolio.app/RNCAsyncStorage_resources.bundle/PrivacyInfo.xcprivacy
2026-04-17 05:17:56 +0000  copying file ./Payload/StockFolio.app/RNCAsyncStorage_resources.bundle/Info.plist ... 
2026-04-17 05:17:56 +0000  798 bytes for ./Payload/StockFolio.app/RNCAsyncStorage_resources.bundle/Info.plist
copying file ./Payload/StockFolio.app/PkgInfo ... 
2026-04-17 05:17:56 +0000  8 bytes for ./Payload/StockFolio.app/PkgInfo
2026-04-17 05:17:56 +0000  copying file ./Payload/StockFolio.app/React-Core_privacy.bundle/PrivacyInfo.xcprivacy ... 
2026-04-17 05:17:56 +0000  768 bytes for ./Payload/StockFolio.app/React-Core_privacy.bundle/PrivacyInfo.xcprivacy
2026-04-17 05:17:56 +0000  copying file ./Payload/StockFolio.app/React-Core_privacy.bundle/Info.plist ... 
2026-04-17 05:17:56 +0000  785 bytes for ./Payload/StockFolio.app/React-Core_privacy.bundle/Info.plist
2026-04-17 05:17:56 +0000  copying file ./Symbols/36E5DD6E-511D-30DD-AD3E-7BA4B675AEDD.symbols ... 
2026-04-17 05:17:57 +0000  33902324 bytes for ./Symbols/36E5DD6E-511D-30DD-AD3E-7BA4B675AEDD.symbols
2026-04-17 05:17:57 +0000  /usr/bin/ditto exited with 0
2026-04-17 05:17:57 +0000  Processing step: IDEDistributionAppStoreInformationStep
2026-04-17 05:17:57 +0000  Skipping step: IDEDistributionAppStoreInformationStep because it said so
2026-04-17 05:17:57 +0000  Processing step: IDEDistributionGenerateProcessedDistributionItems
2026-04-17 05:17:57 +0000  IDEDistributionItem init <DVTFilePath:0x71cdf0e40:'/var/folders/0b/x9g6w2w500j0dr_7ft4v4b000000gn/T/XcodeDistPipeline.~~~rnybaO/Root/Payload/StockFolio.app/Frameworks/React.framework'>
2026-04-17 05:17:57 +0000  IDEDistributionItem init <DVTFilePath:0x71ce17250:'/var/folders/0b/x9g6w2w500j0dr_7ft4v4b000000gn/T/XcodeDistPipeline.~~~rnybaO/Root/Payload/StockFolio.app/Frameworks/hermes.framework'>
2026-04-17 05:17:57 +0000  IDEDistributionItem init <DVTFilePath:0x6f83d4280:'/var/folders/0b/x9g6w2w500j0dr_7ft4v4b000000gn/T/XcodeDistPipeline.~~~rnybaO/Root/Payload/StockFolio.app/Frameworks/ReactNativeDependencies.framework'>
2026-04-17 05:17:57 +0000  IDEDistributionItem init <DVTFilePath:0x7145104e0:'/var/folders/0b/x9g6w2w500j0dr_7ft4v4b000000gn/T/XcodeDistPipeline.~~~rnybaO/Root/Payload/StockFolio.app'>
2026-04-17 05:17:57 +0000  Processing step: IDEDistributionCreateManifestStep
2026-04-17 05:17:57 +0000  Skipping step: IDEDistributionCreateManifestStep because it said so
