env: load .env
env: export FINNHUB_API_KEY PUBLIC_DATA_API_KEY BOK_API_KEY
› Skipping dev server
Unexpected devicectl JSON version output from devicectl. Connecting to physical Apple devices may not work as expected.
› Using --device EF42BC95-6909-4FC7-AB67-7EAB2BB31304
› Planning build
› Executing react-native Pods/hermes-engine » [CP-User] [Hermes] Replace Hermes for the right configuration, if needed
› Executing react-native Pods/ReactNativeDependencies » [CP-User] [RNDeps] Replace React Native Dependencies for the right configuration, if needed
› Executing react-native Pods/React-Core-prebuilt » [CP-User] [RNDeps] Replace React Native Core for the right configuration, if needed
› Preparing Pods/React-Core-React-Core_privacy » ResourceBundle-React-Core_privacy-React-Core-Info.plist
› Preparing Pods/React-cxxreact-React-cxxreact_privacy » ResourceBundle-React-cxxreact_privacy-React-cxxreact-Info.plist
› Executing react-native Pods/React-RCTFBReactNativeSpec » [CP-User] [RN]Check FBReactNativeSpec
› Compiling stockfolio Pods/ReactCodegen » rnworklets-generated.mm
› Compiling stockfolio Pods/ReactCodegen » EventEmitters.cpp
› Compiling stockfolio Pods/ReactCodegen » EventEmitters.cpp
› Compiling stockfolio Pods/ReactCodegen » ComponentDescriptors.cpp
› Compiling stockfolio Pods/ReactCodegen » ComponentDescriptors.cpp
› Compiling stockfolio Pods/ReactCodegen » EventEmitters.cpp
› Compiling stockfolio Pods/ReactCodegen » ComponentDescriptors.cpp
› Compiling stockfolio Pods/ReactCodegen » EventEmitters.cpp
› Compiling stockfolio Pods/ReactCodegen » safeareacontextJSI-generated.cpp
› Compiling stockfolio Pods/ReactCodegen » ComponentDescriptors.cpp
› Compiling stockfolio Pods/ReactCodegen » safeareacontext-generated.mm
› Compiling stockfolio Pods/ReactCodegen » rnworkletsJSI-generated.cpp
› Compiling stockfolio Pods/ReactCodegen » rnsvgJSI-generated.cpp
› Compiling stockfolio Pods/ReactCodegen » rnsvg-generated.mm
› Compiling stockfolio Pods/ReactCodegen » rnscreensJSI-generated.cpp
› Compiling stockfolio Pods/ReactCodegen » rnscreens-generated.mm
› Compiling stockfolio Pods/ReactCodegen » rnreanimatedJSI-generated.cpp
› Compiling stockfolio Pods/ReactCodegen » rnreanimated-generated.mm
› Compiling stockfolio Pods/ReactCodegen » rngesturehandler_codegenJSI-generated.cpp
› Compiling stockfolio Pods/ReactCodegen » rngesturehandler_codegen-generated.mm
› Compiling stockfolio Pods/ReactCodegen » rnasyncstorageJSI-generated.cpp
› Compiling stockfolio Pods/ReactCodegen » rnasyncstorage-generated.mm
› Compiling stockfolio Pods/ReactCodegen » States.cpp
› Compiling stockfolio Pods/ReactCodegen » States.cpp
› Compiling stockfolio Pods/ReactCodegen » States.cpp
› Compiling stockfolio Pods/ReactCodegen » States.cpp
› Compiling stockfolio Pods/ReactCodegen » ShadowNodes.cpp
› Compiling stockfolio Pods/ReactCodegen » ShadowNodes.cpp
› Compiling stockfolio Pods/ReactCodegen » ShadowNodes.cpp
› Compiling stockfolio Pods/ReactCodegen » ShadowNodes.cpp
› Compiling stockfolio Pods/ReactCodegen » RCTUnstableModulesRequiringMainQueueSetupProvider.mm
› Compiling stockfolio Pods/ReactCodegen » RCTThirdPartyComponentsProvider.mm
› Compiling stockfolio Pods/ReactCodegen » RCTModulesConformingToProtocolsProvider.mm
› Compiling stockfolio Pods/ReactCodegen » RCTModuleProviders.mm
› Compiling stockfolio Pods/ReactCodegen » Props.cpp
› Compiling stockfolio Pods/ReactCodegen » Props.cpp
› Compiling stockfolio Pods/ReactCodegen » Props.cpp
› Compiling stockfolio Pods/ReactCodegen » Props.cpp
› Packaging stockfolio Pods/ReactCodegen » libReactCodegen.a
› Compiling stockfolio Pods/ReactAppDependencyProvider » RCTAppDependencyProvider.mm
› Packaging stockfolio Pods/ReactAppDependencyProvider » libReactAppDependencyProvider.a
› Packaging expo Pods/Expo » libExpo.a
› Preparing Pods/ExpoFileSystem-ExpoFileSystem_privacy » ResourceBundle-ExpoFileSystem_privacy-ExpoFileSystem-Info.plist
› Compiling react-native-screens Pods/RNScreens » UIViewController+RNScreens.mm
› Compiling react-native-screens Pods/RNScreens » RNSBottomTabsHostComponentView+RNSImageLoader.mm
› Compiling react-native-svg Pods/RNSVG » RNSVGUse.mm
› Compiling react-native-safe-area-context Pods/react-native-safe-area-context » RNCSafeAreaContext.mm
› Compiling react-native-reanimated Pods/RNReanimated » ReanimatedModule.mm
› Compiling react-native-worklets Pods/RNWorklets » WorkletsModule.mm
› Compiling react-native-gesture-handler Pods/RNGestureHandler » RNGestureHandlerModule.mm
› Preparing Pods/RNSVG-RNSVGFilters » ResourceBundle-RNSVGFilters-RNSVG-Info.plist
› Compiling @react-native-async-storage/async-storage Pods/RNCAsyncStorage » RNCAsyncStorage.mm
› Preparing Pods/RNCAsyncStorage-RNCAsyncStorage_resources » ResourceBundle-RNCAsyncStorage_resources-RNCAsyncStorage-Info.plist
› Compiling react-native-safe-area-context Pods/react-native-safe-area-context » RNCSafeAreaViewShadowNode.cpp
› Compiling react-native-safe-area-context Pods/react-native-safe-area-context » RNCSafeAreaViewState.cpp
› Compiling react-native-safe-area-context Pods/react-native-safe-area-context » RNCSafeAreaViewComponentView.mm
› Compiling react-native-safe-area-context Pods/react-native-safe-area-context » RNCSafeAreaProviderComponentView.mm
› Packaging @react-native-async-storage/async-storage Pods/RNCAsyncStorage » libRNCAsyncStorage.a
› Compiling react-native-screens Pods/RNScreens » RNSTabsScreenViewController.mm
› Compiling react-native-screens Pods/RNScreens » RNSTabBarControllerDelegate.mm
› Compiling react-native-screens Pods/RNScreens » RNSTabBarController.mm
› Compiling react-native-screens Pods/RNScreens » RNSTabBarAppearanceCoordinator.mm
› Packaging react-native-worklets Pods/RNWorklets » libRNWorklets.a
› Compiling react-native-screens Pods/RNScreens » RNSSplitViewScreenShadowNode.cpp
› Compiling react-native-screens Pods/RNScreens » RNSSearchBar.mm
› Compiling react-native-screens Pods/RNScreens » RNSScreenStackHeaderSubviewShadowNode.cpp
› Compiling react-native-screens Pods/RNScreens » RNSScreenStackHeaderSubview.mm
› Compiling react-native-screens Pods/RNScreens » RNSScreenStackHeaderConfigShadowNode.cpp
› Compiling react-native-screens Pods/RNScreens » RNSScreenStackHeaderConfig.mm
› Packaging react-native-safe-area-context Pods/react-native-safe-area-context » libreact-native-safe-area-context.a
› Compiling react-native-screens Pods/RNScreens » RNSScreenStack.mm
› Compiling react-native-screens Pods/RNScreens » RNSScreenShadowNode.cpp
› Compiling react-native-screens Pods/RNScreens » RNSScreenNavigationContainer.mm
› Compiling react-native-screens Pods/RNScreens » RNSScreenFooter.mm
› Compiling react-native-screens Pods/RNScreens » RNSScreenContentWrapper.mm
› Compiling react-native-screens Pods/RNScreens » RNSScreenContainer.mm
› Compiling react-native-screens Pods/RNScreens » RNSScreen.mm
› Compiling react-native-screens Pods/RNScreens » RNSModule.mm
› Compiling react-native-screens Pods/RNScreens » RNSModalScreenShadowNode.cpp
› Compiling react-native-screens Pods/RNScreens » RNSModalScreen.mm
› Compiling react-native-screens Pods/RNScreens » RNSFullWindowOverlayShadowNode.cpp
› Compiling react-native-screens Pods/RNScreens » RNSFullWindowOverlay.mm
› Compiling react-native-screens Pods/RNScreens » RNSConvert.mm
› Compiling react-native-screens Pods/RNScreens » RNSConversions.mm
› Compiling react-native-screens Pods/RNScreens » RNSConversions-SplitView.mm
› Compiling react-native-screens Pods/RNScreens » RNSConversions-Fabric.mm
› Compiling react-native-screens Pods/RNScreens » RNSConversions-BottomTabs.mm
› Compiling react-native-screens Pods/RNScreens » RNSBottomTabsShadowNode.cpp
› Compiling react-native-screens Pods/RNScreens » RNSBottomTabsScreenEventEmitter.mm
› Compiling react-native-screens Pods/RNScreens » RNSBottomTabsScreenComponentView.mm
› Compiling react-native-screens Pods/RNScreens » RNSBottomTabsHostEventEmitter.mm
› Compiling react-native-screens Pods/RNScreens » RNSBottomTabsHostComponentView.mm
› Compiling react-native-svg Pods/RNSVG » RNSVGTextPath.mm
› Compiling react-native-svg Pods/RNSVG » RNSVGText.mm
› Compiling react-native-svg Pods/RNSVG » RNSVGTSpan.mm
› Compiling react-native-svg Pods/RNSVG » RNSVGSymbol.mm
› Compiling react-native-svg Pods/RNSVG » RNSVGSvgViewModule.mm
› Compiling react-native-svg Pods/RNSVG » RNSVGSvgView.mm
› Compiling react-native-svg Pods/RNSVG » RNSVGShadowNodes.cpp
› Compiling react-native-svg Pods/RNSVG » RNSVGRenderableModule.mm
› Compiling react-native-svg Pods/RNSVG » RNSVGRect.mm
› Compiling react-native-svg Pods/RNSVG » RNSVGRadialGradient.mm
› Packaging react-native-screens Pods/RNScreens » libRNScreens.a
› Compiling react-native-svg Pods/RNSVG » RNSVGPattern.mm
› Compiling react-native-svg Pods/RNSVG » RNSVGPath.mm
› Compiling react-native-svg Pods/RNSVG » RNSVGMask.mm
› Compiling react-native-svg Pods/RNSVG » RNSVGMarker.mm
› Compiling react-native-svg Pods/RNSVG » RNSVGLinearGradient.mm
› Compiling react-native-svg Pods/RNSVG » RNSVGLine.mm
› Compiling react-native-svg Pods/RNSVG » RNSVGImageShadowNode.cpp
› Compiling react-native-svg Pods/RNSVG » RNSVGImage.mm
› Compiling react-native-svg Pods/RNSVG » RNSVGGroup.mm
› Compiling react-native-svg Pods/RNSVG » RNSVGForeignObject.mm
› Compiling react-native-svg Pods/RNSVG » RNSVGFilterPrimitive.mm
› Compiling react-native-svg Pods/RNSVG » RNSVGFilter.mm
› Compiling react-native-svg Pods/RNSVG » RNSVGFeOffset.mm
› Compiling react-native-svg Pods/RNSVG » RNSVGFeMerge.mm
› Compiling react-native-svg Pods/RNSVG » RNSVGFeGaussianBlur.mm
› Compiling react-native-svg Pods/RNSVG » RNSVGFeFlood.mm
› Compiling react-native-svg Pods/RNSVG » RNSVGFeComposite.mm
› Compiling react-native-svg Pods/RNSVG » RNSVGFeColorMatrix.mm
› Compiling react-native-svg Pods/RNSVG » RNSVGFeBlend.mm
› Compiling react-native-svg Pods/RNSVG » RNSVGEllipse.mm
› Compiling react-native-svg Pods/RNSVG » RNSVGDefs.mm
› Compiling react-native-svg Pods/RNSVG » RNSVGConvert.mm
› Compiling react-native-svg Pods/RNSVG » RNSVGClipPath.mm
› Compiling react-native-svg Pods/RNSVG » RNSVGCircle.mm
› Compiling react-native-reanimated Pods/RNReanimated » NativeProxy.mm
› Compiling react-native-gesture-handler Pods/RNGestureHandler » RNGestureHandlerButtonComponentView.mm
› Packaging react-native-svg Pods/RNSVG » libRNSVG.a
› Packaging react-native-gesture-handler Pods/RNGestureHandler » libRNGestureHandler.a
› Packaging react-native-reanimated Pods/RNReanimated » libRNReanimated.a
› Executing StockFolio » [CP] Check Pods Manifest.lock
› Executing StockFolio » [Expo] Configure project
› Copying   ./PrivacyInfo.xcprivacy ➜ ios/StockFolio/PrivacyInfo.xcprivacy
› Linking   StockFolio » StockFolio.debug.dylib

❌  ld: cannot link directly with 'SwiftUICore' because product being built is not an allowed client of it



› 1 error(s), and 0 warning(s)

CommandError: Failed to build iOS project. "xcodebuild" exited with error code 65.
