env: load .env
env: export FINNHUB_API_KEY PUBLIC_DATA_API_KEY BOK_API_KEY
Unexpected devicectl JSON version output from devicectl. Connecting to physical Apple devices may not work as expected.
› Using --device EF42BC95-6909-4FC7-AB67-7EAB2BB31304
› Planning build
› Executing react-native Pods/hermes-engine » [CP-User] [Hermes] Replace Hermes for the right configuration, if needed
› Executing react-native Pods/ReactNativeDependencies » [CP-User] [RNDeps] Replace React Native Dependencies for the right configuration, if needed
› Executing react-native Pods/ReactNativeDependencies » [CP] Copy XCFrameworks
› Executing react-native Pods/React-Core-prebuilt » [CP-User] [RNDeps] Replace React Native Core for the right configuration, if needed
› Executing react-native Pods/React-Core-prebuilt » [CP] Copy XCFrameworks
› Preparing Pods/React-Core-React-Core_privacy » ResourceBundle-React-Core_privacy-React-Core-Info.plist
› Preparing Pods/React-cxxreact-React-cxxreact_privacy » ResourceBundle-React-cxxreact_privacy-React-cxxreact-Info.plist
› Executing react-native Pods/React-RCTFBReactNativeSpec » [CP-User] [RN]Check FBReactNativeSpec
› Preparing Pods/ExpoFileSystem-ExpoFileSystem_privacy » ResourceBundle-ExpoFileSystem_privacy-ExpoFileSystem-Info.plist
› Preparing Pods/RNCAsyncStorage-RNCAsyncStorage_resources » ResourceBundle-RNCAsyncStorage_resources-RNCAsyncStorage-Info.plist
› Preparing Pods/RNSVG-RNSVGFilters » ResourceBundle-RNSVGFilters-RNSVG-Info.plist
› Executing StockFolio » [Expo] Configure project
› Executing StockFolio » Bundle React Native code and images
› Preparing StockFolio » Info.plist
› Signing   StockFolio » StockFolio.debug.dylib
› Signing   StockFolio » __preview.dylib
› Signing   StockFolio » StockFolio.app
› Build Succeeded

› 0 error(s), and 0 warning(s)

Waiting on http://localhost:8081
› Installing /Users/youngwookkim/Library/Developer/Xcode/DerivedData/StockFolio-dgwjmlhbxotgzhaohguevekuovns/Build/Products/Debug-iphonesimulator/StockFolio.app
› Installing on iPhone 17 Pro
› Opening on iPhone 17 Pro (com.anonymous.stockfolio)
› Opening com.anonymous.stockfolio://expo-development-client/?url=http%3A%2F%2F192.168.219.131%3A8081 on iPhone 17 Pro
